Using pre-set license
Built from '2020.2/release' branch; Version is '2020.2.2f1 (068178b99f32) revision 426360'; Using compiler version '192528614'; Build Type 'Release'
OS: 'Windows 10 Home; OS build 18363.1316; Version 1909; 64bit' Language: 'en' Physical Memory: 16169 MB
BatchMode: 1, IsHumanControllingUs: 0, StartBugReporterOnCrash: 0, Is64bit: 1, IsPro: 0

 COMMAND LINE ARGUMENTS:
C:\Program Files\2020.2.2f1\Editor\Unity.exe
-adb2
-batchMode
-noUpm
-name
AssetImportWorker0
-projectPath
C:/Users/sunlu/Documents/GitRepos/GGJ2021_Minesweeper/MineSweeper.Unity-master
-logFile
Logs/AssetImportWorker0.log
-srvPort
53463
Successfully changed project path to: C:/Users/sunlu/Documents/GitRepos/GGJ2021_Minesweeper/MineSweeper.Unity-master
C:/Users/sunlu/Documents/GitRepos/GGJ2021_Minesweeper/MineSweeper.Unity-master
Using Asset Import Pipeline V2.
Refreshing native plugins compatible for Editor in 23.29 ms, found 0 plugins.
Preloading 0 native plugins for Editor in 0.00 ms.
Initialize engine version: 2020.2.2f1 (068178b99f32)
[Subsystems] Discovering subsystems at path C:/Program Files/2020.2.2f1/Editor/Data/Resources/UnitySubsystems
[Subsystems] Discovering subsystems at path C:/Users/sunlu/Documents/GitRepos/GGJ2021_Minesweeper/MineSweeper.Unity-master/Assets
GfxDevice: creating device client; threaded=0
Direct3D:
    Version:  Direct3D 11.0 [level 11.1]
    Renderer: NVIDIA GeForce RTX 2070 (ID=0x1f14)
    Vendor:   
    VRAM:     8031 MB
    Driver:   26.21.14.4280
Initialize mono
Mono path[0] = 'C:/Program Files/2020.2.2f1/Editor/Data/Managed'
Mono path[1] = 'C:/Program Files/2020.2.2f1/Editor/Data/MonoBleedingEdge/lib/mono/unityjit'
Mono config path = 'C:/Program Files/2020.2.2f1/Editor/Data/MonoBleedingEdge/etc'
Using monoOptions --debugger-agent=transport=dt_socket,embedding=1,server=y,suspend=n,address=127.0.0.1:56620
Begin MonoManager ReloadAssembly
Registering precompiled unity dll's ...
Register platform support module: C:/Program Files/2020.2.2f1/Editor/Data/PlaybackEngines/WindowsStandaloneSupport/UnityEditor.WindowsStandalone.Extensions.dll
Registered in 0.001391 seconds.
Native extension for WindowsStandalone target not found
Refreshing native plugins compatible for Editor in 19.24 ms, found 0 plugins.
Preloading 0 native plugins for Editor in 0.00 ms.
Invoked RoslynAnalysisRunner static constructor.
RoslynAnalysisRunner will not be running.
RoslynAnalysisRunner has terminated.
Mono: successfully reloaded assembly
- Completed reload, in  0.791 seconds
Platform modules already initialized, skipping
Registering precompiled user dll's ...
Registered in 0.000536 seconds.
Begin MonoManager ReloadAssembly
Native extension for WindowsStandalone target not found
Refreshing native plugins compatible for Editor in 0.17 ms, found 0 plugins.
Preloading 0 native plugins for Editor in 0.00 ms.
Invoked RoslynAnalysisRunner static constructor.
RoslynAnalysisRunner will not be running.
RoslynAnalysisRunner has terminated.
Mono: successfully reloaded assembly
- Completed reload, in  0.643 seconds
Platform modules already initialized, skipping
========================================================================
Worker process is ready to serve import requests
Launched and connected shader compiler UnityShaderCompiler.exe after 0.03 seconds
Refreshing native plugins compatible for Editor in 0.18 ms, found 0 plugins.
Preloading 0 native plugins for Editor in 0.00 ms.
Unloading 1118 Unused Serialized files (Serialized files now loaded: 0)
System memory in use before: 57.4 MB.
System memory in use after: 57.5 MB.

Unloading 9 unused Assets to reduce memory usage. Loaded Objects now: 1559.
Total: 1.412500 ms (FindLiveObjects: 0.130500 ms CreateObjectMapping: 0.041700 ms MarkObjects: 1.189700 ms  DeleteObjects: 0.049700 ms)

========================================================================
Received Import Request.
  path: Assets/Scenes/PlayScene.unity
  artifactKey: Guid(57cac0a425277e74da0ba59979d4a145) Importer(815301076,1909f56bfc062723c751e8b465ee728b)
Start importing Assets/Scenes/PlayScene.unity using Guid(57cac0a425277e74da0ba59979d4a145) Importer(815301076,1909f56bfc062723c751e8b465ee728b)  -> (artifact id: '34e70870c2ee20642b3e10be15c25dfa') in 0.012269 seconds
  Import took 0.013794 seconds .

========================================================================
Received Import Request.
  Time since last request: 0.000190 seconds.
  path: Assets/Scenes/MainMenuScene.unity
  artifactKey: Guid(96013dd8490eca24ab1b0ac2d89e77a9) Importer(815301076,1909f56bfc062723c751e8b465ee728b)
Start importing Assets/Scenes/MainMenuScene.unity using Guid(96013dd8490eca24ab1b0ac2d89e77a9) Importer(815301076,1909f56bfc062723c751e8b465ee728b)  -> (artifact id: '071d59717418c129a9aa762655d8a789') in 0.005561 seconds
  Import took 0.007039 seconds .

========================================================================
Received Import Request.
  Time since last request: 0.008174 seconds.
  path: Assets/Scenes/MainMenuScene.unity
  artifactKey: Guid(96013dd8490eca24ab1b0ac2d89e77a9) Importer(815301076,1909f56bfc062723c751e8b465ee728b)
Start importing Assets/Scenes/MainMenuScene.unity using Guid(96013dd8490eca24ab1b0ac2d89e77a9) Importer(815301076,1909f56bfc062723c751e8b465ee728b)  -> (artifact id: '071d59717418c129a9aa762655d8a789') in 0.002666 seconds
  Import took 0.004727 seconds .

========================================================================
Received Prepare
Registering precompiled user dll's ...
Registered in 0.000442 seconds.
Begin MonoManager ReloadAssembly
Native extension for WindowsStandalone target not found
Refreshing native plugins compatible for Editor in 0.17 ms, found 0 plugins.
Preloading 0 native plugins for Editor in 0.00 ms.
Invoked RoslynAnalysisRunner static constructor.
RoslynAnalysisRunner will not be running.
RoslynAnalysisRunner has terminated.
Mono: successfully reloaded assembly
- Completed reload, in  0.594 seconds
Platform modules already initialized, skipping
Refreshing native plugins compatible for Editor in 0.17 ms, found 0 plugins.
Preloading 0 native plugins for Editor in 0.00 ms.
Unloading 1112 Unused Serialized files (Serialized files now loaded: 0)
System memory in use before: 57.2 MB.
System memory in use after: 57.3 MB.

Unloading 4 unused Assets to reduce memory usage. Loaded Objects now: 1561.
Total: 1.162900 ms (FindLiveObjects: 0.106600 ms CreateObjectMapping: 0.030200 ms MarkObjects: 1.013300 ms  DeleteObjects: 0.012300 ms)

========================================================================
Received Prepare
Registering precompiled user dll's ...
Registered in 0.000579 seconds.
Begin MonoManager ReloadAssembly
Native extension for WindowsStandalone target not found
Refreshing native plugins compatible for Editor in 0.19 ms, found 0 plugins.
Preloading 0 native plugins for Editor in 0.00 ms.
Invoked RoslynAnalysisRunner static constructor.
RoslynAnalysisRunner will not be running.
RoslynAnalysisRunner has terminated.
Mono: successfully reloaded assembly
- Completed reload, in  0.644 seconds
Platform modules already initialized, skipping
Refreshing native plugins compatible for Editor in 0.20 ms, found 0 plugins.
Preloading 0 native plugins for Editor in 0.00 ms.
Unloading 1124 Unused Serialized files (Serialized files now loaded: 0)
System memory in use before: 57.6 MB.
System memory in use after: 57.7 MB.

Unloading 4 unused Assets to reduce memory usage. Loaded Objects now: 1575.
Total: 1.353500 ms (FindLiveObjects: 0.119200 ms CreateObjectMapping: 0.035100 ms MarkObjects: 1.183900 ms  DeleteObjects: 0.014600 ms)

========================================================================
Received Prepare
Registering precompiled user dll's ...
Registered in 0.000592 seconds.
Begin MonoManager ReloadAssembly
Native extension for WindowsStandalone target not found
Refreshing native plugins compatible for Editor in 0.19 ms, found 0 plugins.
Preloading 0 native plugins for Editor in 0.00 ms.
Invoked RoslynAnalysisRunner static constructor.
RoslynAnalysisRunner will not be running.
RoslynAnalysisRunner has terminated.
Mono: successfully reloaded assembly
- Completed reload, in  0.669 seconds
Platform modules already initialized, skipping
Refreshing native plugins compatible for Editor in 0.17 ms, found 0 plugins.
Preloading 0 native plugins for Editor in 0.00 ms.
Unloading 1124 Unused Serialized files (Serialized files now loaded: 0)
System memory in use before: 57.6 MB.
System memory in use after: 57.7 MB.

Unloading 4 unused Assets to reduce memory usage. Loaded Objects now: 1577.
Total: 1.521900 ms (FindLiveObjects: 0.171400 ms CreateObjectMapping: 0.042400 ms MarkObjects: 1.297300 ms  DeleteObjects: 0.010100 ms)

========================================================================
Received Import Request.
  Time since last request: 3600.454376 seconds.
  path: Assets/TwitchChatConnect/Example
  artifactKey: Guid(c5f8b4b67b2c30b42a130433ea30915d) Importer(815301076,1909f56bfc062723c751e8b465ee728b)
Start importing Assets/TwitchChatConnect/Example using Guid(c5f8b4b67b2c30b42a130433ea30915d) Importer(815301076,1909f56bfc062723c751e8b465ee728b)  -> (artifact id: 'b4befbce3964d79f5f94355800c95fca') in 0.010410 seconds
  Import took 0.012145 seconds .

========================================================================
Received Import Request.
  Time since last request: 0.034853 seconds.
  path: Assets/TwitchChatConnect/Example/TwitchConnectData.asset
  artifactKey: Guid(e33434cae905fef48a0a22ae7fd9ca3f) Importer(815301076,1909f56bfc062723c751e8b465ee728b)
Start importing Assets/TwitchChatConnect/Example/TwitchConnectData.asset using Guid(e33434cae905fef48a0a22ae7fd9ca3f) Importer(815301076,1909f56bfc062723c751e8b465ee728b)  -> (artifact id: '9fc9869ad27e22c45abad99ecc5169ae') in 0.021916 seconds
  Import took 0.023962 seconds .

========================================================================
Received Import Request.
  Time since last request: 256.650861 seconds.
  path: Assets/TwitchChatConnect/Example/ShowChatMessages/ChatMessageText.prefab
  artifactKey: Guid(5a8042156040fb14ab8f53c781ffca37) Importer(815301076,1909f56bfc062723c751e8b465ee728b)
Start importing Assets/TwitchChatConnect/Example/ShowChatMessages/ChatMessageText.prefab using Guid(5a8042156040fb14ab8f53c781ffca37) Importer(815301076,1909f56bfc062723c751e8b465ee728b)  -> (artifact id: 'c6a99b7cd0146e954ebf97e9ac573aaf') in 0.029174 seconds
  Import took 0.031815 seconds .

========================================================================
Received Import Request.
  Time since last request: 2.382109 seconds.
  path: Assets/TwitchChatConnect/Example/ShowChatMessages/SampleScene.unity
  artifactKey: Guid(9fc0d4010bbf28b4594072e72b8655ab) Importer(815301076,1909f56bfc062723c751e8b465ee728b)
Start importing Assets/TwitchChatConnect/Example/ShowChatMessages/SampleScene.unity using Guid(9fc0d4010bbf28b4594072e72b8655ab) Importer(815301076,1909f56bfc062723c751e8b465ee728b)  -> (artifact id: 'f42d0df9a06374785bc9f1f0cb70f5f3') in 0.007220 seconds
  Import took 0.009571 seconds .

========================================================================
Received Prepare
Registering precompiled user dll's ...
Registered in 0.000554 seconds.
Begin MonoManager ReloadAssembly
Native extension for WindowsStandalone target not found
Refreshing native plugins compatible for Editor in 0.18 ms, found 0 plugins.
Preloading 0 native plugins for Editor in 0.00 ms.
Invoked RoslynAnalysisRunner static constructor.
RoslynAnalysisRunner will not be running.
RoslynAnalysisRunner has terminated.
Mono: successfully reloaded assembly
- Completed reload, in  0.621 seconds
Platform modules already initialized, skipping
Refreshing native plugins compatible for Editor in 0.18 ms, found 0 plugins.
Preloading 0 native plugins for Editor in 0.00 ms.
Unloading 1124 Unused Serialized files (Serialized files now loaded: 0)
System memory in use before: 57.8 MB.
System memory in use after: 57.9 MB.

Unloading 4 unused Assets to reduce memory usage. Loaded Objects now: 1581.
Total: 1.194800 ms (FindLiveObjects: 0.106300 ms CreateObjectMapping: 0.030400 ms MarkObjects: 1.046300 ms  DeleteObjects: 0.011100 ms)

========================================================================
Received Import Request.
  Time since last request: 4975.342022 seconds.
  path: Assets/TwitchChatConnect/Example/MiniGame/MiniGame.unity
  artifactKey: Guid(8bcb753ef6cfc6a44aa27c5dd26265e2) Importer(815301076,1909f56bfc062723c751e8b465ee728b)
Start importing Assets/TwitchChatConnect/Example/MiniGame/MiniGame.unity using Guid(8bcb753ef6cfc6a44aa27c5dd26265e2) Importer(815301076,1909f56bfc062723c751e8b465ee728b)  -> (artifact id: 'c7530c17f544aed84ca1f3c4aa3c294a') in 0.079251 seconds
  Import took 0.112837 seconds .

========================================================================
Received Import Request.
  Time since last request: 0.044481 seconds.
  path: Assets/TwitchChatConnect/Example/MiniGame/MiniGame.unity
  artifactKey: Guid(8bcb753ef6cfc6a44aa27c5dd26265e2) Importer(815301076,1909f56bfc062723c751e8b465ee728b)
Start importing Assets/TwitchChatConnect/Example/MiniGame/MiniGame.unity using Guid(8bcb753ef6cfc6a44aa27c5dd26265e2) Importer(815301076,1909f56bfc062723c751e8b465ee728b)  -> (artifact id: 'c7530c17f544aed84ca1f3c4aa3c294a') in 0.003292 seconds
  Import took 0.005038 seconds .

========================================================================
Received Prepare
Registering precompiled user dll's ...
Registered in 0.000545 seconds.
Begin MonoManager ReloadAssembly
Native extension for WindowsStandalone target not found
Refreshing native plugins compatible for Editor in 0.29 ms, found 0 plugins.
Preloading 0 native plugins for Editor in 0.00 ms.
Invoked RoslynAnalysisRunner static constructor.
RoslynAnalysisRunner will not be running.
RoslynAnalysisRunner has terminated.
Mono: successfully reloaded assembly
- Completed reload, in  0.811 seconds
Platform modules already initialized, skipping
Refreshing native plugins compatible for Editor in 0.18 ms, found 0 plugins.
Preloading 0 native plugins for Editor in 0.00 ms.
Unloading 1124 Unused Serialized files (Serialized files now loaded: 0)
System memory in use before: 57.9 MB.
System memory in use after: 58.0 MB.

Unloading 4 unused Assets to reduce memory usage. Loaded Objects now: 1583.
Total: 1.620500 ms (FindLiveObjects: 0.138900 ms CreateObjectMapping: 0.064400 ms MarkObjects: 1.396100 ms  DeleteObjects: 0.019900 ms)

========================================================================
Received Import Request.
  Time since last request: 441.231451 seconds.
  path: Assets/TwitchChatConnect/Example/MiniGame/Scripts/Game.cs
  artifactKey: Guid(b10b97af73b2864498f1752ab23a17d2) Importer(815301076,1909f56bfc062723c751e8b465ee728b)
Start importing Assets/TwitchChatConnect/Example/MiniGame/Scripts/Game.cs using Guid(b10b97af73b2864498f1752ab23a17d2) Importer(815301076,1909f56bfc062723c751e8b465ee728b)  -> (artifact id: '373fa33514b44bac691161dadeca8883') in 0.017563 seconds
  Import took 0.019539 seconds .

========================================================================
Received Import Request.
  Time since last request: 0.015738 seconds.
  path: Assets/TwitchChatConnect/Example/MiniGame/Scripts/Game.cs
  artifactKey: Guid(b10b97af73b2864498f1752ab23a17d2) Importer(815301076,1909f56bfc062723c751e8b465ee728b)
Start importing Assets/TwitchChatConnect/Example/MiniGame/Scripts/Game.cs using Guid(b10b97af73b2864498f1752ab23a17d2) Importer(815301076,1909f56bfc062723c751e8b465ee728b)  -> (artifact id: '373fa33514b44bac691161dadeca8883') in 0.003949 seconds
  Import took 0.005521 seconds .

========================================================================
Received Import Request.
  Time since last request: 4448.869062 seconds.
  path: Assets/Spritesheets/MinesweeperSpritesheet.png
  artifactKey: Guid(bbf1608df437159458ebfa96e34067ae) Importer(815301076,1909f56bfc062723c751e8b465ee728b)
Start importing Assets/Spritesheets/MinesweeperSpritesheet.png using Guid(bbf1608df437159458ebfa96e34067ae) Importer(815301076,1909f56bfc062723c751e8b465ee728b)  -> (artifact id: '9b11289714599beb0438ca0d157eeaf2') in 0.207198 seconds
  Import took 0.210242 seconds .

========================================================================
Received Import Request.
  Time since last request: 0.000244 seconds.
  path: Assets/Spritesheets/MinesweeperTitle.png
  artifactKey: Guid(a39b53f506aa29640b7fcaf26c39d56c) Importer(815301076,1909f56bfc062723c751e8b465ee728b)
Start importing Assets/Spritesheets/MinesweeperTitle.png using Guid(a39b53f506aa29640b7fcaf26c39d56c) Importer(815301076,1909f56bfc062723c751e8b465ee728b)  -> (artifact id: '45d857ce1eb4b7c284d5459f394dcc79') in 0.029470 seconds
  Import took 0.031534 seconds .

========================================================================
Received Import Request.
  Time since last request: 5.292644 seconds.
  path: Assets/Scenes/TestScene.unity
  artifactKey: Guid(c426c99243ac61f4a8dda559528e7e99) Importer(815301076,1909f56bfc062723c751e8b465ee728b)
Start importing Assets/Scenes/TestScene.unity using Guid(c426c99243ac61f4a8dda559528e7e99) Importer(815301076,1909f56bfc062723c751e8b465ee728b)  -> (artifact id: '3fc574f45bd35f86906665cb32e10ce0') in 0.006970 seconds
  Import took 0.008752 seconds .

========================================================================
Received Import Request.
  Time since last request: 318.581102 seconds.
  path: Assets/Scenes/MainMenuScene.unity
  artifactKey: Guid(96013dd8490eca24ab1b0ac2d89e77a9) Importer(815301076,1909f56bfc062723c751e8b465ee728b)
Start importing Assets/Scenes/MainMenuScene.unity using Guid(96013dd8490eca24ab1b0ac2d89e77a9) Importer(815301076,1909f56bfc062723c751e8b465ee728b)  -> (artifact id: 'ebece260f7f79aa250ba4b48d7ccfa9d') in 0.008018 seconds
  Import took 0.010548 seconds .

========================================================================
Received Prepare
Registering precompiled user dll's ...
Registered in 0.000558 seconds.
Begin MonoManager ReloadAssembly
Native extension for WindowsStandalone target not found
Refreshing native plugins compatible for Editor in 0.20 ms, found 0 plugins.
Preloading 0 native plugins for Editor in 0.00 ms.
Invoked RoslynAnalysisRunner static constructor.
RoslynAnalysisRunner will not be running.
RoslynAnalysisRunner has terminated.
Mono: successfully reloaded assembly
- Completed reload, in  0.820 seconds
Platform modules already initialized, skipping
Refreshing native plugins compatible for Editor in 0.22 ms, found 0 plugins.
Preloading 0 native plugins for Editor in 0.00 ms.
Unloading 1124 Unused Serialized files (Serialized files now loaded: 0)
System memory in use before: 61.1 MB.
System memory in use after: 61.2 MB.

Unloading 4 unused Assets to reduce memory usage. Loaded Objects now: 1606.
Total: 2.171300 ms (FindLiveObjects: 0.320900 ms CreateObjectMapping: 0.191500 ms MarkObjects: 1.643300 ms  DeleteObjects: 0.014000 ms)

========================================================================
Received Prepare
Registering precompiled user dll's ...
Registered in 0.000565 seconds.
Begin MonoManager ReloadAssembly
Native extension for WindowsStandalone target not found
Refreshing native plugins compatible for Editor in 0.21 ms, found 0 plugins.
Preloading 0 native plugins for Editor in 0.00 ms.
Invoked RoslynAnalysisRunner static constructor.
RoslynAnalysisRunner will not be running.
RoslynAnalysisRunner has terminated.
Mono: successfully reloaded assembly
- Completed reload, in  0.626 seconds
Platform modules already initialized, skipping
Refreshing native plugins compatible for Editor in 0.19 ms, found 0 plugins.
Preloading 0 native plugins for Editor in 0.00 ms.
Unloading 1124 Unused Serialized files (Serialized files now loaded: 0)
System memory in use before: 61.2 MB.
System memory in use after: 61.3 MB.

Unloading 4 unused Assets to reduce memory usage. Loaded Objects now: 1608.
Total: 1.302100 ms (FindLiveObjects: 0.143700 ms CreateObjectMapping: 0.041200 ms MarkObjects: 1.105900 ms  DeleteObjects: 0.010400 ms)

========================================================================
Received Import Request.
  Time since last request: 785.367212 seconds.
  path: Assets/TwitchChatConnect/Example/TwitchConnectData.asset
  artifactKey: Guid(e33434cae905fef48a0a22ae7fd9ca3f) Importer(815301076,1909f56bfc062723c751e8b465ee728b)
Start importing Assets/TwitchChatConnect/Example/TwitchConnectData.asset using Guid(e33434cae905fef48a0a22ae7fd9ca3f) Importer(815301076,1909f56bfc062723c751e8b465ee728b)  -> (artifact id: 'a5eae045314c1349fe5ebb5973c0116d') in 0.015289 seconds
  Import took 0.017323 seconds .

========================================================================
Received Prepare
Registering precompiled user dll's ...
Registered in 0.000575 seconds.
Begin MonoManager ReloadAssembly
Native extension for WindowsStandalone target not found
Refreshing native plugins compatible for Editor in 0.18 ms, found 0 plugins.
Preloading 0 native plugins for Editor in 0.00 ms.
Invoked RoslynAnalysisRunner static constructor.
RoslynAnalysisRunner will not be running.
RoslynAnalysisRunner has terminated.
Mono: successfully reloaded assembly
- Completed reload, in  0.707 seconds
Platform modules already initialized, skipping
Refreshing native plugins compatible for Editor in 0.22 ms, found 0 plugins.
Preloading 0 native plugins for Editor in 0.00 ms.
Unloading 1124 Unused Serialized files (Serialized files now loaded: 0)
System memory in use before: 61.2 MB.
System memory in use after: 61.3 MB.

Unloading 4 unused Assets to reduce memory usage. Loaded Objects now: 1610.
Total: 1.421200 ms (FindLiveObjects: 0.137800 ms CreateObjectMapping: 0.038800 ms MarkObjects: 1.209700 ms  DeleteObjects: 0.034200 ms)

========================================================================
Received Import Request.
  Time since last request: 2954.878841 seconds.
  path: Assets/TwitchChatConnect/Example/MiniGame/Scripts/GameUI.cs
  artifactKey: Guid(35206673f1a78104cb40f62180fb5178) Importer(815301076,1909f56bfc062723c751e8b465ee728b)
Start importing Assets/TwitchChatConnect/Example/MiniGame/Scripts/GameUI.cs using Guid(35206673f1a78104cb40f62180fb5178) Importer(815301076,1909f56bfc062723c751e8b465ee728b)  -> (artifact id: '9363ca5acf2a407fba3ec150709597ab') in 0.008865 seconds
  Import took 0.010627 seconds .

========================================================================
Received Import Request.
  Time since last request: 0.000308 seconds.
  path: Assets/TwitchChatConnect/Example/MiniGame/Scripts/GameUI.cs
  artifactKey: Guid(35206673f1a78104cb40f62180fb5178) Importer(815301076,1909f56bfc062723c751e8b465ee728b)
Start importing Assets/TwitchChatConnect/Example/MiniGame/Scripts/GameUI.cs using Guid(35206673f1a78104cb40f62180fb5178) Importer(815301076,1909f56bfc062723c751e8b465ee728b)  -> (artifact id: '9363ca5acf2a407fba3ec150709597ab') in 0.003679 seconds
  Import took 0.006690 seconds .

========================================================================
Received Import Request.
  Time since last request: 910.002238 seconds.
  path: Assets/Sounds/Big Explosion.mp3
  artifactKey: Guid(c8a01352658eae445a4e84bc230d9d01) Importer(815301076,1909f56bfc062723c751e8b465ee728b)
Start importing Assets/Sounds/Big Explosion.mp3 using Guid(c8a01352658eae445a4e84bc230d9d01) Importer(815301076,1909f56bfc062723c751e8b465ee728b)  -> (artifact id: '72cd31f7468b7d91f8815b534f60b773') in 0.111802 seconds
  Import took 0.113832 seconds .

========================================================================
Received Prepare
Registering precompiled user dll's ...
Registered in 0.000612 seconds.
Begin MonoManager ReloadAssembly
Native extension for WindowsStandalone target not found
Refreshing native plugins compatible for Editor in 0.18 ms, found 0 plugins.
Preloading 0 native plugins for Editor in 0.00 ms.
Invoked RoslynAnalysisRunner static constructor.
RoslynAnalysisRunner will not be running.
RoslynAnalysisRunner has terminated.
Mono: successfully reloaded assembly
- Completed reload, in  0.649 seconds
Platform modules already initialized, skipping
Refreshing native plugins compatible for Editor in 0.17 ms, found 0 plugins.
Preloading 0 native plugins for Editor in 0.00 ms.
Unloading 1124 Unused Serialized files (Serialized files now loaded: 0)
System memory in use before: 61.4 MB.
System memory in use after: 61.5 MB.

Unloading 4 unused Assets to reduce memory usage. Loaded Objects now: 1619.
Total: 1.263600 ms (FindLiveObjects: 0.121300 ms CreateObjectMapping: 0.036200 ms MarkObjects: 1.094800 ms  DeleteObjects: 0.010700 ms)

========================================================================
Received Import Request.
  Time since last request: 10696.848739 seconds.
  path: Assets/Prefabs/BombNumber.prefab
  artifactKey: Guid(d2ff309f4b7d9a64d861a747b3220eb8) Importer(815301076,1909f56bfc062723c751e8b465ee728b)
Start importing Assets/Prefabs/BombNumber.prefab using Guid(d2ff309f4b7d9a64d861a747b3220eb8) Importer(815301076,1909f56bfc062723c751e8b465ee728b)  -> (artifact id: '24e45f1b51acfd972f0a815053b32be3') in 0.147194 seconds
  Import took 0.181514 seconds .

========================================================================
Received Import Request.
  Time since last request: 0.000240 seconds.
  path: Assets/Prefabs/Scroll Box.prefab
  artifactKey: Guid(9ae164088afb38744880ffc3cdd45160) Importer(815301076,1909f56bfc062723c751e8b465ee728b)
Start importing Assets/Prefabs/Scroll Box.prefab using Guid(9ae164088afb38744880ffc3cdd45160) Importer(815301076,1909f56bfc062723c751e8b465ee728b)  -> (artifact id: 'e0c078b1fe6a136dcd984fd4f5e781bc') in 0.008614 seconds
  Import took 0.010699 seconds .

========================================================================
Received Import Request.
  Time since last request: 0.000222 seconds.
  path: Assets/Prefabs/TimeNumber.prefab
  artifactKey: Guid(5514e6abc62ebab4ba941e5358b46891) Importer(815301076,1909f56bfc062723c751e8b465ee728b)
Start importing Assets/Prefabs/TimeNumber.prefab using Guid(5514e6abc62ebab4ba941e5358b46891) Importer(815301076,1909f56bfc062723c751e8b465ee728b)  -> (artifact id: '40d4306e1c8fb3e414fbdb1080ba27f6') in 0.017926 seconds
  Import took 0.020942 seconds .

========================================================================
Received Import Request.
  Time since last request: 0.000331 seconds.
  path: Assets/Prefabs/Tile.prefab
  artifactKey: Guid(5f11d9a655ee94f499d2f27f8fdc5a24) Importer(815301076,1909f56bfc062723c751e8b465ee728b)
Start importing Assets/Prefabs/Tile.prefab using Guid(5f11d9a655ee94f499d2f27f8fdc5a24) Importer(815301076,1909f56bfc062723c751e8b465ee728b)  -> (artifact id: '93d49c5691aaebc22353c34f84257427') in 0.021451 seconds
  Import took 0.023135 seconds .

========================================================================
Received Import Request.
  Time since last request: 0.000133 seconds.
  path: Assets/Prefabs/ScrollingCamera.prefab
  artifactKey: Guid(0d1736691a535024ea4b610f1e108084) Importer(815301076,1909f56bfc062723c751e8b465ee728b)
Start importing Assets/Prefabs/ScrollingCamera.prefab using Guid(0d1736691a535024ea4b610f1e108084) Importer(815301076,1909f56bfc062723c751e8b465ee728b)  -> (artifact id: '861e87f2db8acff2b7a90f289ec0b30a') in 0.010703 seconds
  Import took 0.012498 seconds .

========================================================================
Received Import Request.
  Time since last request: 0.000208 seconds.
  path: Assets/Prefabs/OptionsForm.prefab
  artifactKey: Guid(bac7bf9fd912f344bbb6cdce59171a98) Importer(815301076,1909f56bfc062723c751e8b465ee728b)
Start importing Assets/Prefabs/OptionsForm.prefab using Guid(bac7bf9fd912f344bbb6cdce59171a98) Importer(815301076,1909f56bfc062723c751e8b465ee728b)  -> (artifact id: 'c8b82ae783eb835c46abe9e77dd7e184') in 0.037816 seconds
  Import took 0.039571 seconds .

========================================================================
Received Import Request.
  Time since last request: 0.000186 seconds.
  path: Assets/Prefabs/PersistentInfo.prefab
  artifactKey: Guid(d26f692b6379f6c4d8ad51138973138e) Importer(815301076,1909f56bfc062723c751e8b465ee728b)
Start importing Assets/Prefabs/PersistentInfo.prefab using Guid(d26f692b6379f6c4d8ad51138973138e) Importer(815301076,1909f56bfc062723c751e8b465ee728b)  -> (artifact id: '7fa8814bd789fa113e98996fd30644d4') in 0.009707 seconds
  Import took 0.011897 seconds .

========================================================================
Received Prepare
Registering precompiled user dll's ...
Registered in 0.000579 seconds.
Begin MonoManager ReloadAssembly
Native extension for WindowsStandalone target not found
Refreshing native plugins compatible for Editor in 0.19 ms, found 0 plugins.
Preloading 0 native plugins for Editor in 0.00 ms.
Invoked RoslynAnalysisRunner static constructor.
RoslynAnalysisRunner will not be running.
RoslynAnalysisRunner has terminated.
Mono: successfully reloaded assembly
- Completed reload, in  0.680 seconds
Platform modules already initialized, skipping
Refreshing native plugins compatible for Editor in 0.24 ms, found 0 plugins.
Preloading 0 native plugins for Editor in 0.00 ms.
Unloading 1124 Unused Serialized files (Serialized files now loaded: 0)
System memory in use before: 61.5 MB.
System memory in use after: 61.6 MB.

Unloading 5 unused Assets to reduce memory usage. Loaded Objects now: 1622.
Total: 1.319000 ms (FindLiveObjects: 0.121200 ms CreateObjectMapping: 0.030900 ms MarkObjects: 1.102800 ms  DeleteObjects: 0.063300 ms)

========================================================================
Received Prepare
Registering precompiled user dll's ...
Registered in 0.000628 seconds.
Begin MonoManager ReloadAssembly
Native extension for WindowsStandalone target not found
Refreshing native plugins compatible for Editor in 0.18 ms, found 0 plugins.
Preloading 0 native plugins for Editor in 0.00 ms.
Invoked RoslynAnalysisRunner static constructor.
RoslynAnalysisRunner will not be running.
RoslynAnalysisRunner has terminated.
Mono: successfully reloaded assembly
- Completed reload, in  0.659 seconds
Platform modules already initialized, skipping
Refreshing native plugins compatible for Editor in 0.18 ms, found 0 plugins.
Preloading 0 native plugins for Editor in 0.00 ms.
Unloading 1124 Unused Serialized files (Serialized files now loaded: 0)
System memory in use before: 61.6 MB.
System memory in use after: 61.7 MB.

Unloading 4 unused Assets to reduce memory usage. Loaded Objects now: 1624.
Total: 1.344000 ms (FindLiveObjects: 0.145800 ms CreateObjectMapping: 0.038100 ms MarkObjects: 1.146700 ms  DeleteObjects: 0.012400 ms)

========================================================================
Received Prepare
Registering precompiled user dll's ...
Registered in 0.000535 seconds.
Begin MonoManager ReloadAssembly
Native extension for WindowsStandalone target not found
Refreshing native plugins compatible for Editor in 0.18 ms, found 0 plugins.
Preloading 0 native plugins for Editor in 0.00 ms.
Invoked RoslynAnalysisRunner static constructor.
RoslynAnalysisRunner will not be running.
RoslynAnalysisRunner has terminated.
Mono: successfully reloaded assembly
- Completed reload, in  0.663 seconds
Platform modules already initialized, skipping
Refreshing native plugins compatible for Editor in 0.18 ms, found 0 plugins.
Preloading 0 native plugins for Editor in 0.00 ms.
Unloading 1124 Unused Serialized files (Serialized files now loaded: 0)
System memory in use before: 61.6 MB.
System memory in use after: 61.8 MB.

Unloading 4 unused Assets to reduce memory usage. Loaded Objects now: 1626.
Total: 1.527700 ms (FindLiveObjects: 0.173600 ms CreateObjectMapping: 0.064800 ms MarkObjects: 1.273800 ms  DeleteObjects: 0.014400 ms)

========================================================================
Received Prepare
Registering precompiled user dll's ...
Registered in 0.000616 seconds.
Begin MonoManager ReloadAssembly
Native extension for WindowsStandalone target not found
Refreshing native plugins compatible for Editor in 0.19 ms, found 0 plugins.
Preloading 0 native plugins for Editor in 0.00 ms.
Invoked RoslynAnalysisRunner static constructor.
RoslynAnalysisRunner will not be running.
RoslynAnalysisRunner has terminated.
Mono: successfully reloaded assembly
- Completed reload, in  0.655 seconds
Platform modules already initialized, skipping
Refreshing native plugins compatible for Editor in 0.17 ms, found 0 plugins.
Preloading 0 native plugins for Editor in 0.00 ms.
Unloading 1124 Unused Serialized files (Serialized files now loaded: 0)
System memory in use before: 61.7 MB.
System memory in use after: 61.8 MB.

Unloading 4 unused Assets to reduce memory usage. Loaded Objects now: 1628.
Total: 1.435000 ms (FindLiveObjects: 0.227700 ms CreateObjectMapping: 0.063600 ms MarkObjects: 1.132900 ms  DeleteObjects: 0.009900 ms)

========================================================================
Received Prepare
Registering precompiled user dll's ...
Registered in 0.000651 seconds.
Begin MonoManager ReloadAssembly
Native extension for WindowsStandalone target not found
Refreshing native plugins compatible for Editor in 0.19 ms, found 0 plugins.
Preloading 0 native plugins for Editor in 0.00 ms.
Invoked RoslynAnalysisRunner static constructor.
RoslynAnalysisRunner will not be running.
RoslynAnalysisRunner has terminated.
Mono: successfully reloaded assembly
- Completed reload, in  0.693 seconds
Platform modules already initialized, skipping
Refreshing native plugins compatible for Editor in 0.24 ms, found 0 plugins.
Preloading 0 native plugins for Editor in 0.00 ms.
Unloading 1124 Unused Serialized files (Serialized files now loaded: 0)
System memory in use before: 61.8 MB.
System memory in use after: 61.9 MB.

Unloading 4 unused Assets to reduce memory usage. Loaded Objects now: 1630.
Total: 1.280200 ms (FindLiveObjects: 0.130500 ms CreateObjectMapping: 0.039700 ms MarkObjects: 1.095400 ms  DeleteObjects: 0.013900 ms)

========================================================================
Received Import Request.
  Time since last request: 3790.251856 seconds.
  path: Assets/TwitchChatConnect/Documentation/Twitch Chat Connect - Documentation v1.0.0.pdf
  artifactKey: Guid(2f069b7da394b574a95c7f0a0612bb03) Importer(815301076,1909f56bfc062723c751e8b465ee728b)
Start importing Assets/TwitchChatConnect/Documentation/Twitch Chat Connect - Documentation v1.0.0.pdf using Guid(2f069b7da394b574a95c7f0a0612bb03) Importer(815301076,1909f56bfc062723c751e8b465ee728b)  -> (artifact id: 'c5b7b83ff7a7e553e4f16eca008a4baa') in 0.019451 seconds
  Import took 0.021692 seconds .

========================================================================
Received Import Request.
  Time since last request: 30.317489 seconds.
  path: Assets/TwitchChatConnect/Documentation/Twitch Chat Connect - Documentation v1.2.0.pdf
  artifactKey: Guid(c4a100c5068738e4b80b87ce9d730cae) Importer(815301076,1909f56bfc062723c751e8b465ee728b)
Start importing Assets/TwitchChatConnect/Documentation/Twitch Chat Connect - Documentation v1.2.0.pdf using Guid(c4a100c5068738e4b80b87ce9d730cae) Importer(815301076,1909f56bfc062723c751e8b465ee728b)  -> (artifact id: 'a416af81b070368859cd2b2e92a6bb70') in 0.008191 seconds
  Import took 0.010321 seconds .

========================================================================
Received Import Request.
  Time since last request: 0.429400 seconds.
  path: Assets/TwitchChatConnect/Documentation/Twitch Chat Connect - Documentation v1.1.0.pdf
  artifactKey: Guid(8a99b7a9b1f54214b9f79c87daddadc6) Importer(815301076,1909f56bfc062723c751e8b465ee728b)
Start importing Assets/TwitchChatConnect/Documentation/Twitch Chat Connect - Documentation v1.1.0.pdf using Guid(8a99b7a9b1f54214b9f79c87daddadc6) Importer(815301076,1909f56bfc062723c751e8b465ee728b)  -> (artifact id: '2c895c657a068d7eb7ad5c2464d00fa7') in 0.007454 seconds
  Import took 0.009063 seconds .

========================================================================
Received Import Request.
  Time since last request: 0.373774 seconds.
  path: Assets/TwitchChatConnect/Documentation/Twitch Chat Connect - Documentation v1.3.0.pdf
  artifactKey: Guid(f6142fecacd2536408d50b0ef90c2e1f) Importer(815301076,1909f56bfc062723c751e8b465ee728b)
Start importing Assets/TwitchChatConnect/Documentation/Twitch Chat Connect - Documentation v1.3.0.pdf using Guid(f6142fecacd2536408d50b0ef90c2e1f) Importer(815301076,1909f56bfc062723c751e8b465ee728b)  -> (artifact id: 'f539d15a8054d16948bd3a5cc14d0a69') in 0.007112 seconds
  Import took 0.008695 seconds .

========================================================================
Received Prepare
Registering precompiled user dll's ...
Registered in 0.000568 seconds.
Begin MonoManager ReloadAssembly
Native extension for WindowsStandalone target not found
Refreshing native plugins compatible for Editor in 0.20 ms, found 0 plugins.
Preloading 0 native plugins for Editor in 0.00 ms.
Invoked RoslynAnalysisRunner static constructor.
RoslynAnalysisRunner will not be running.
RoslynAnalysisRunner has terminated.
Mono: successfully reloaded assembly
- Completed reload, in  0.695 seconds
Platform modules already initialized, skipping
Refreshing native plugins compatible for Editor in 0.18 ms, found 0 plugins.
Preloading 0 native plugins for Editor in 0.00 ms.
Unloading 1124 Unused Serialized files (Serialized files now loaded: 0)
System memory in use before: 61.9 MB.
System memory in use after: 62.0 MB.

Unloading 4 unused Assets to reduce memory usage. Loaded Objects now: 1632.
Total: 1.362900 ms (FindLiveObjects: 0.156200 ms CreateObjectMapping: 0.065400 ms MarkObjects: 1.129000 ms  DeleteObjects: 0.011400 ms)

========================================================================
Received Prepare
Registering precompiled user dll's ...
Registered in 0.000585 seconds.
Begin MonoManager ReloadAssembly
Native extension for WindowsStandalone target not found
Refreshing native plugins compatible for Editor in 0.61 ms, found 0 plugins.
Preloading 0 native plugins for Editor in 0.00 ms.
Invoked RoslynAnalysisRunner static constructor.
RoslynAnalysisRunner will not be running.
RoslynAnalysisRunner has terminated.
Mono: successfully reloaded assembly
- Completed reload, in  0.723 seconds
Platform modules already initialized, skipping
Refreshing native plugins compatible for Editor in 0.22 ms, found 0 plugins.
Preloading 0 native plugins for Editor in 0.00 ms.
Unloading 1124 Unused Serialized files (Serialized files now loaded: 0)
System memory in use before: 62.0 MB.
System memory in use after: 62.1 MB.

Unloading 4 unused Assets to reduce memory usage. Loaded Objects now: 1634.
Total: 1.426700 ms (FindLiveObjects: 0.159700 ms CreateObjectMapping: 0.040700 ms MarkObjects: 1.212300 ms  DeleteObjects: 0.012900 ms)

========================================================================
Received Prepare
Registering precompiled user dll's ...
Registered in 0.000587 seconds.
Begin MonoManager ReloadAssembly
Native extension for WindowsStandalone target not found
Refreshing native plugins compatible for Editor in 0.18 ms, found 0 plugins.
Preloading 0 native plugins for Editor in 0.00 ms.
Invoked RoslynAnalysisRunner static constructor.
RoslynAnalysisRunner will not be running.
RoslynAnalysisRunner has terminated.
Mono: successfully reloaded assembly
- Completed reload, in  0.708 seconds
Platform modules already initialized, skipping
Refreshing native plugins compatible for Editor in 0.78 ms, found 0 plugins.
Preloading 0 native plugins for Editor in 0.00 ms.
Unloading 1124 Unused Serialized files (Serialized files now loaded: 0)
System memory in use before: 62.0 MB.
System memory in use after: 62.1 MB.

Unloading 4 unused Assets to reduce memory usage. Loaded Objects now: 1636.
Total: 1.229400 ms (FindLiveObjects: 0.119600 ms CreateObjectMapping: 0.032100 ms MarkObjects: 1.067200 ms  DeleteObjects: 0.009800 ms)

========================================================================
Received Prepare
Registering precompiled user dll's ...
Registered in 0.000563 seconds.
Begin MonoManager ReloadAssembly
Native extension for WindowsStandalone target not found
Refreshing native plugins compatible for Editor in 0.18 ms, found 0 plugins.
Preloading 0 native plugins for Editor in 0.00 ms.
Invoked RoslynAnalysisRunner static constructor.
RoslynAnalysisRunner will not be running.
RoslynAnalysisRunner has terminated.
Mono: successfully reloaded assembly
- Completed reload, in  0.704 seconds
Platform modules already initialized, skipping
Refreshing native plugins compatible for Editor in 0.25 ms, found 0 plugins.
Preloading 0 native plugins for Editor in 0.00 ms.
Unloading 1124 Unused Serialized files (Serialized files now loaded: 0)
System memory in use before: 62.1 MB.
System memory in use after: 62.2 MB.

Unloading 4 unused Assets to reduce memory usage. Loaded Objects now: 1638.
Total: 1.277400 ms (FindLiveObjects: 0.143000 ms CreateObjectMapping: 0.037400 ms MarkObjects: 1.085800 ms  DeleteObjects: 0.010200 ms)

========================================================================
Received Prepare
Registering precompiled user dll's ...
Registered in 0.000580 seconds.
Begin MonoManager ReloadAssembly
Native extension for WindowsStandalone target not found
Refreshing native plugins compatible for Editor in 0.18 ms, found 0 plugins.
Preloading 0 native plugins for Editor in 0.00 ms.
Invoked RoslynAnalysisRunner static constructor.
RoslynAnalysisRunner will not be running.
RoslynAnalysisRunner has terminated.
Mono: successfully reloaded assembly
- Completed reload, in  0.676 seconds
Platform modules already initialized, skipping
Refreshing native plugins compatible for Editor in 0.21 ms, found 0 plugins.
Preloading 0 native plugins for Editor in 0.00 ms.
Unloading 1124 Unused Serialized files (Serialized files now loaded: 0)
System memory in use before: 62.2 MB.
System memory in use after: 62.3 MB.

Unloading 4 unused Assets to reduce memory usage. Loaded Objects now: 1640.
Total: 1.355100 ms (FindLiveObjects: 0.128500 ms CreateObjectMapping: 0.037900 ms MarkObjects: 1.164300 ms  DeleteObjects: 0.023800 ms)

========================================================================
Received Prepare
Registering precompiled user dll's ...
Registered in 0.000557 seconds.
Begin MonoManager ReloadAssembly
Native extension for WindowsStandalone target not found
Refreshing native plugins compatible for Editor in 0.18 ms, found 0 plugins.
Preloading 0 native plugins for Editor in 0.00 ms.
Invoked RoslynAnalysisRunner static constructor.
RoslynAnalysisRunner will not be running.
RoslynAnalysisRunner has terminated.
Mono: successfully reloaded assembly
- Completed reload, in  0.736 seconds
Platform modules already initialized, skipping
Refreshing native plugins compatible for Editor in 0.22 ms, found 0 plugins.
Preloading 0 native plugins for Editor in 0.00 ms.
Unloading 1124 Unused Serialized files (Serialized files now loaded: 0)
System memory in use before: 62.3 MB.
System memory in use after: 62.4 MB.

Unloading 4 unused Assets to reduce memory usage. Loaded Objects now: 1642.
Total: 1.482100 ms (FindLiveObjects: 0.225500 ms CreateObjectMapping: 0.076000 ms MarkObjects: 1.165300 ms  DeleteObjects: 0.014500 ms)

========================================================================
Received Prepare
Registering precompiled user dll's ...
Registered in 0.000538 seconds.
Begin MonoManager ReloadAssembly
Native extension for WindowsStandalone target not found
Refreshing native plugins compatible for Editor in 0.21 ms, found 0 plugins.
Preloading 0 native plugins for Editor in 0.00 ms.
Invoked RoslynAnalysisRunner static constructor.
RoslynAnalysisRunner will not be running.
RoslynAnalysisRunner has terminated.
Mono: successfully reloaded assembly
- Completed reload, in  0.651 seconds
Platform modules already initialized, skipping
Refreshing native plugins compatible for Editor in 0.17 ms, found 0 plugins.
Preloading 0 native plugins for Editor in 0.00 ms.
Unloading 1124 Unused Serialized files (Serialized files now loaded: 0)
System memory in use before: 62.3 MB.
System memory in use after: 62.4 MB.

Unloading 4 unused Assets to reduce memory usage. Loaded Objects now: 1644.
Total: 1.406400 ms (FindLiveObjects: 0.143900 ms CreateObjectMapping: 0.052800 ms MarkObjects: 1.196900 ms  DeleteObjects: 0.011800 ms)

========================================================================
Received Import Request.
  Time since last request: 2509.343022 seconds.
  path: Assets/Spritesheets/Button.png
  artifactKey: Guid(24b4a5f30a4ff9c489da7df8bb254c77) Importer(815301076,1909f56bfc062723c751e8b465ee728b)
Start importing Assets/Spritesheets/Button.png using Guid(24b4a5f30a4ff9c489da7df8bb254c77) Importer(815301076,1909f56bfc062723c751e8b465ee728b)  -> (artifact id: 'f130bba362891be3904757bd1fcc9899') in 0.058474 seconds
  Import took 0.060867 seconds .

========================================================================
Received Import Request.
  Time since last request: 0.000302 seconds.
  path: Assets/Spritesheets/Canvas.png
  artifactKey: Guid(75cc345e710c3564c88bb952129f0a76) Importer(815301076,1909f56bfc062723c751e8b465ee728b)
Start importing Assets/Spritesheets/Canvas.png using Guid(75cc345e710c3564c88bb952129f0a76) Importer(815301076,1909f56bfc062723c751e8b465ee728b)  -> (artifact id: '92e072861524e4ba1cfd9a5792ffb708') in 0.021445 seconds
  Import took 0.023209 seconds .

========================================================================
Received Import Request.
  Time since last request: 400.450879 seconds.
  path: Assets/Prefabs/GridTextPrefab.prefab
  artifactKey: Guid(9940f71a1c7a5bc4c8a84688f8a8a82c) Importer(815301076,1909f56bfc062723c751e8b465ee728b)
Start importing Assets/Prefabs/GridTextPrefab.prefab using Guid(9940f71a1c7a5bc4c8a84688f8a8a82c) Importer(815301076,1909f56bfc062723c751e8b465ee728b)  -> (artifact id: '99530316b56a2f31f90fcee34f39167b') in 0.063216 seconds
  Import took 0.065582 seconds .

========================================================================
Received Prepare
Registering precompiled user dll's ...
Registered in 0.000558 seconds.
Begin MonoManager ReloadAssembly
Native extension for WindowsStandalone target not found
Refreshing native plugins compatible for Editor in 0.18 ms, found 0 plugins.
Preloading 0 native plugins for Editor in 0.00 ms.
Invoked RoslynAnalysisRunner static constructor.
RoslynAnalysisRunner will not be running.
RoslynAnalysisRunner has terminated.
Mono: successfully reloaded assembly
- Completed reload, in  0.695 seconds
Platform modules already initialized, skipping
Refreshing native plugins compatible for Editor in 0.18 ms, found 0 plugins.
Preloading 0 native plugins for Editor in 0.00 ms.
Unloading 1137 Unused Serialized files (Serialized files now loaded: 0)
System memory in use before: 64.5 MB.
System memory in use after: 64.0 MB.

Unloading 17 unused Assets to reduce memory usage. Loaded Objects now: 1651.
Total: 1.557900 ms (FindLiveObjects: 0.205100 ms CreateObjectMapping: 0.039200 ms MarkObjects: 1.070100 ms  DeleteObjects: 0.242400 ms)

========================================================================
Received Prepare
Registering precompiled user dll's ...
Registered in 0.000592 seconds.
Begin MonoManager ReloadAssembly
Native extension for WindowsStandalone target not found
Refreshing native plugins compatible for Editor in 0.22 ms, found 0 plugins.
Preloading 0 native plugins for Editor in 0.00 ms.
Invoked RoslynAnalysisRunner static constructor.
RoslynAnalysisRunner will not be running.
RoslynAnalysisRunner has terminated.
Mono: successfully reloaded assembly
- Completed reload, in  0.792 seconds
Platform modules already initialized, skipping
Refreshing native plugins compatible for Editor in 0.18 ms, found 0 plugins.
Preloading 0 native plugins for Editor in 0.00 ms.
Unloading 1137 Unused Serialized files (Serialized files now loaded: 0)
System memory in use before: 64.6 MB.
System memory in use after: 64.1 MB.

Unloading 17 unused Assets to reduce memory usage. Loaded Objects now: 1653.
Total: 1.528200 ms (FindLiveObjects: 0.151600 ms CreateObjectMapping: 0.041400 ms MarkObjects: 1.070700 ms  DeleteObjects: 0.263600 ms)

========================================================================
Received Prepare
Registering precompiled user dll's ...
Registered in 0.000574 seconds.
Begin MonoManager ReloadAssembly
Native extension for WindowsStandalone target not found
Refreshing native plugins compatible for Editor in 0.26 ms, found 0 plugins.
Preloading 0 native plugins for Editor in 0.00 ms.
Invoked RoslynAnalysisRunner static constructor.
RoslynAnalysisRunner will not be running.
RoslynAnalysisRunner has terminated.
Mono: successfully reloaded assembly
- Completed reload, in  0.665 seconds
Platform modules already initialized, skipping
Refreshing native plugins compatible for Editor in 0.20 ms, found 0 plugins.
Preloading 0 native plugins for Editor in 0.00 ms.
Unloading 1137 Unused Serialized files (Serialized files now loaded: 0)
System memory in use before: 64.7 MB.
System memory in use after: 64.2 MB.

Unloading 17 unused Assets to reduce memory usage. Loaded Objects now: 1655.
Total: 1.568000 ms (FindLiveObjects: 0.133300 ms CreateObjectMapping: 0.035700 ms MarkObjects: 1.131400 ms  DeleteObjects: 0.266800 ms)

========================================================================
Received Prepare
Registering precompiled user dll's ...
Registered in 0.000841 seconds.
Begin MonoManager ReloadAssembly
Native extension for WindowsStandalone target not found
Refreshing native plugins compatible for Editor in 0.21 ms, found 0 plugins.
Preloading 0 native plugins for Editor in 0.00 ms.
Invoked RoslynAnalysisRunner static constructor.
RoslynAnalysisRunner will not be running.
RoslynAnalysisRunner has terminated.
Mono: successfully reloaded assembly
- Completed reload, in  0.685 seconds
Platform modules already initialized, skipping
Refreshing native plugins compatible for Editor in 0.21 ms, found 0 plugins.
Preloading 0 native plugins for Editor in 0.00 ms.
Unloading 1137 Unused Serialized files (Serialized files now loaded: 0)
System memory in use before: 64.7 MB.
System memory in use after: 64.3 MB.

Unloading 17 unused Assets to reduce memory usage. Loaded Objects now: 1657.
Total: 2.692600 ms (FindLiveObjects: 0.132900 ms CreateObjectMapping: 0.037300 ms MarkObjects: 1.887100 ms  DeleteObjects: 0.631100 ms)

========================================================================
Received Import Request.
  Time since last request: 440.135908 seconds.
  path: Assets/Scripts/ControlScript.cs
  artifactKey: Guid(5dbbbf210c418854c87889e3bf45b2bf) Importer(815301076,1909f56bfc062723c751e8b465ee728b)
Start importing Assets/Scripts/ControlScript.cs using Guid(5dbbbf210c418854c87889e3bf45b2bf) Importer(815301076,1909f56bfc062723c751e8b465ee728b)  -> (artifact id: '3877a1f8b03b1f42e3ae215c22ad4aa4') in 0.008944 seconds
  Import took 0.010747 seconds .

========================================================================
Received Import Request.
  Time since last request: 0.001416 seconds.
  path: Assets/Scripts/ControlScript.cs
  artifactKey: Guid(5dbbbf210c418854c87889e3bf45b2bf) Importer(815301076,1909f56bfc062723c751e8b465ee728b)
Start importing Assets/Scripts/ControlScript.cs using Guid(5dbbbf210c418854c87889e3bf45b2bf) Importer(815301076,1909f56bfc062723c751e8b465ee728b)  -> (artifact id: '3877a1f8b03b1f42e3ae215c22ad4aa4') in 0.003084 seconds
  Import took 0.005296 seconds .

========================================================================
Received Import Request.
  Time since last request: 156.053064 seconds.
  path: Assets/Scenes/MainMenuScene.unity
  artifactKey: Guid(96013dd8490eca24ab1b0ac2d89e77a9) Importer(815301076,1909f56bfc062723c751e8b465ee728b)
Start importing Assets/Scenes/MainMenuScene.unity using Guid(96013dd8490eca24ab1b0ac2d89e77a9) Importer(815301076,1909f56bfc062723c751e8b465ee728b)  -> (artifact id: '638b5f13fd42fd61d54770be504d5c1f') in 0.012706 seconds
  Import took 0.014418 seconds .

========================================================================
Received Import Request.
  Time since last request: 10.748682 seconds.
  path: Assets/Scenes/PlayScene.unity
  artifactKey: Guid(57cac0a425277e74da0ba59979d4a145) Importer(815301076,1909f56bfc062723c751e8b465ee728b)
Start importing Assets/Scenes/PlayScene.unity using Guid(57cac0a425277e74da0ba59979d4a145) Importer(815301076,1909f56bfc062723c751e8b465ee728b)  -> (artifact id: 'deb5e11a7c2e6b4ee7c1e7fe533a1c5d') in 0.006883 seconds
  Import took 0.009043 seconds .

========================================================================
Received Prepare
Registering precompiled user dll's ...
Registered in 0.000641 seconds.
Begin MonoManager ReloadAssembly
Native extension for WindowsStandalone target not found
Refreshing native plugins compatible for Editor in 0.18 ms, found 0 plugins.
Preloading 0 native plugins for Editor in 0.00 ms.
Invoked RoslynAnalysisRunner static constructor.
RoslynAnalysisRunner will not be running.
RoslynAnalysisRunner has terminated.
Mono: successfully reloaded assembly
- Completed reload, in  0.640 seconds
Platform modules already initialized, skipping
Refreshing native plugins compatible for Editor in 0.18 ms, found 0 plugins.
Preloading 0 native plugins for Editor in 0.00 ms.
Unloading 1137 Unused Serialized files (Serialized files now loaded: 0)
System memory in use before: 64.8 MB.
System memory in use after: 64.4 MB.

Unloading 17 unused Assets to reduce memory usage. Loaded Objects now: 1659.
Total: 1.532300 ms (FindLiveObjects: 0.143600 ms CreateObjectMapping: 0.040000 ms MarkObjects: 1.087600 ms  DeleteObjects: 0.260400 ms)

========================================================================
Received Prepare
Registering precompiled user dll's ...
Registered in 0.000577 seconds.
Begin MonoManager ReloadAssembly
Native extension for WindowsStandalone target not found
Refreshing native plugins compatible for Editor in 0.18 ms, found 0 plugins.
Preloading 0 native plugins for Editor in 0.00 ms.
Invoked RoslynAnalysisRunner static constructor.
RoslynAnalysisRunner will not be running.
RoslynAnalysisRunner has terminated.
Mono: successfully reloaded assembly
- Completed reload, in  0.651 seconds
Platform modules already initialized, skipping
Refreshing native plugins compatible for Editor in 0.21 ms, found 0 plugins.
Preloading 0 native plugins for Editor in 0.00 ms.
Unloading 1137 Unused Serialized files (Serialized files now loaded: 0)
System memory in use before: 64.9 MB.
System memory in use after: 64.4 MB.

Unloading 17 unused Assets to reduce memory usage. Loaded Objects now: 1661.
Total: 1.597800 ms (FindLiveObjects: 0.179100 ms CreateObjectMapping: 0.048000 ms MarkObjects: 1.101600 ms  DeleteObjects: 0.268100 ms)

========================================================================
Received Prepare
Registering precompiled user dll's ...
Registered in 0.000550 seconds.
Begin MonoManager ReloadAssembly
Native extension for WindowsStandalone target not found
Refreshing native plugins compatible for Editor in 0.19 ms, found 0 plugins.
Preloading 0 native plugins for Editor in 0.00 ms.
Invoked RoslynAnalysisRunner static constructor.
RoslynAnalysisRunner will not be running.
RoslynAnalysisRunner has terminated.
Mono: successfully reloaded assembly
- Completed reload, in  0.665 seconds
Platform modules already initialized, skipping
Refreshing native plugins compatible for Editor in 0.19 ms, found 0 plugins.
Preloading 0 native plugins for Editor in 0.00 ms.
Unloading 1137 Unused Serialized files (Serialized files now loaded: 0)
System memory in use before: 65.0 MB.
System memory in use after: 64.5 MB.

Unloading 17 unused Assets to reduce memory usage. Loaded Objects now: 1663.
Total: 1.536500 ms (FindLiveObjects: 0.140100 ms CreateObjectMapping: 0.034300 ms MarkObjects: 1.098200 ms  DeleteObjects: 0.263200 ms)

========================================================================
Received Prepare
Registering precompiled user dll's ...
Registered in 0.000603 seconds.
Begin MonoManager ReloadAssembly
Native extension for WindowsStandalone target not found
Refreshing native plugins compatible for Editor in 0.18 ms, found 0 plugins.
Preloading 0 native plugins for Editor in 0.00 ms.
Invoked RoslynAnalysisRunner static constructor.
RoslynAnalysisRunner will not be running.
RoslynAnalysisRunner has terminated.
Mono: successfully reloaded assembly
- Completed reload, in  0.654 seconds
Platform modules already initialized, skipping
Refreshing native plugins compatible for Editor in 0.18 ms, found 0 plugins.
Preloading 0 native plugins for Editor in 0.00 ms.
Unloading 1137 Unused Serialized files (Serialized files now loaded: 0)
System memory in use before: 65.0 MB.
System memory in use after: 64.5 MB.

Unloading 17 unused Assets to reduce memory usage. Loaded Objects now: 1665.
Total: 2.543500 ms (FindLiveObjects: 0.269100 ms CreateObjectMapping: 0.081200 ms MarkObjects: 1.862700 ms  DeleteObjects: 0.328700 ms)

========================================================================
Received Prepare
Registering precompiled user dll's ...
Registered in 0.000496 seconds.
Begin MonoManager ReloadAssembly
Native extension for WindowsStandalone target not found
Refreshing native plugins compatible for Editor in 0.20 ms, found 0 plugins.
Preloading 0 native plugins for Editor in 0.00 ms.
Invoked RoslynAnalysisRunner static constructor.
RoslynAnalysisRunner will not be running.
RoslynAnalysisRunner has terminated.
Mono: successfully reloaded assembly
- Completed reload, in  0.662 seconds
Platform modules already initialized, skipping
Refreshing native plugins compatible for Editor in 0.18 ms, found 0 plugins.
Preloading 0 native plugins for Editor in 0.00 ms.
Unloading 1137 Unused Serialized files (Serialized files now loaded: 0)
System memory in use before: 64.1 MB.
System memory in use after: 63.7 MB.

Unloading 17 unused Assets to reduce memory usage. Loaded Objects now: 1667.
Total: 1.541500 ms (FindLiveObjects: 0.120500 ms CreateObjectMapping: 0.031500 ms MarkObjects: 1.122400 ms  DeleteObjects: 0.266300 ms)

========================================================================
Received Prepare
Registering precompiled user dll's ...
Registered in 0.001003 seconds.
Begin MonoManager ReloadAssembly
Native extension for WindowsStandalone target not found
Refreshing native plugins compatible for Editor in 0.49 ms, found 0 plugins.
Preloading 0 native plugins for Editor in 0.00 ms.
Invoked RoslynAnalysisRunner static constructor.
RoslynAnalysisRunner will not be running.
RoslynAnalysisRunner has terminated.
Mono: successfully reloaded assembly
- Completed reload, in  0.722 seconds
Platform modules already initialized, skipping
Refreshing native plugins compatible for Editor in 0.68 ms, found 0 plugins.
Preloading 0 native plugins for Editor in 0.00 ms.
Unloading 1137 Unused Serialized files (Serialized files now loaded: 0)
System memory in use before: 64.2 MB.
System memory in use after: 63.7 MB.

Unloading 17 unused Assets to reduce memory usage. Loaded Objects now: 1669.
Total: 1.983600 ms (FindLiveObjects: 0.174600 ms CreateObjectMapping: 0.045900 ms MarkObjects: 1.463100 ms  DeleteObjects: 0.298300 ms)

========================================================================
Received Prepare
Registering precompiled user dll's ...
Registered in 0.000566 seconds.
Begin MonoManager ReloadAssembly
Native extension for WindowsStandalone target not found
Refreshing native plugins compatible for Editor in 0.23 ms, found 0 plugins.
Preloading 0 native plugins for Editor in 0.00 ms.
Invoked RoslynAnalysisRunner static constructor.
RoslynAnalysisRunner will not be running.
RoslynAnalysisRunner has terminated.
Mono: successfully reloaded assembly
- Completed reload, in  0.663 seconds
Platform modules already initialized, skipping
Refreshing native plugins compatible for Editor in 0.19 ms, found 0 plugins.
Preloading 0 native plugins for Editor in 0.00 ms.
Unloading 1137 Unused Serialized files (Serialized files now loaded: 0)
System memory in use before: 64.3 MB.
System memory in use after: 63.8 MB.

Unloading 17 unused Assets to reduce memory usage. Loaded Objects now: 1671.
Total: 1.897000 ms (FindLiveObjects: 0.242300 ms CreateObjectMapping: 0.056600 ms MarkObjects: 1.297100 ms  DeleteObjects: 0.300000 ms)

========================================================================
Received Prepare
Registering precompiled user dll's ...
Registered in 0.000500 seconds.
Begin MonoManager ReloadAssembly
Native extension for WindowsStandalone target not found
Refreshing native plugins compatible for Editor in 0.18 ms, found 0 plugins.
Preloading 0 native plugins for Editor in 0.00 ms.
Invoked RoslynAnalysisRunner static constructor.
RoslynAnalysisRunner will not be running.
RoslynAnalysisRunner has terminated.
Mono: successfully reloaded assembly
- Completed reload, in  0.645 seconds
Platform modules already initialized, skipping
Refreshing native plugins compatible for Editor in 0.21 ms, found 0 plugins.
Preloading 0 native plugins for Editor in 0.00 ms.
Unloading 1137 Unused Serialized files (Serialized files now loaded: 0)
System memory in use before: 64.4 MB.
System memory in use after: 63.9 MB.

Unloading 17 unused Assets to reduce memory usage. Loaded Objects now: 1673.
Total: 1.678700 ms (FindLiveObjects: 0.180500 ms CreateObjectMapping: 0.050900 ms MarkObjects: 1.169900 ms  DeleteObjects: 0.275700 ms)

========================================================================
Received Prepare
Registering precompiled user dll's ...
Registered in 0.000571 seconds.
Begin MonoManager ReloadAssembly
Native extension for WindowsStandalone target not found
Refreshing native plugins compatible for Editor in 0.18 ms, found 0 plugins.
Preloading 0 native plugins for Editor in 0.00 ms.
Invoked RoslynAnalysisRunner static constructor.
RoslynAnalysisRunner will not be running.
RoslynAnalysisRunner has terminated.
Mono: successfully reloaded assembly
- Completed reload, in  0.663 seconds
Platform modules already initialized, skipping
Refreshing native plugins compatible for Editor in 0.18 ms, found 0 plugins.
Preloading 0 native plugins for Editor in 0.00 ms.
Unloading 1137 Unused Serialized files (Serialized files now loaded: 0)
System memory in use before: 64.4 MB.
System memory in use after: 64.0 MB.

Unloading 17 unused Assets to reduce memory usage. Loaded Objects now: 1675.
Total: 1.900600 ms (FindLiveObjects: 0.224600 ms CreateObjectMapping: 0.067200 ms MarkObjects: 1.314000 ms  DeleteObjects: 0.293000 ms)

========================================================================
Received Prepare
Registering precompiled user dll's ...
Registered in 0.000543 seconds.
Begin MonoManager ReloadAssembly
Native extension for WindowsStandalone target not found
Refreshing native plugins compatible for Editor in 0.18 ms, found 0 plugins.
Preloading 0 native plugins for Editor in 0.00 ms.
Invoked RoslynAnalysisRunner static constructor.
RoslynAnalysisRunner will not be running.
RoslynAnalysisRunner has terminated.
Mono: successfully reloaded assembly
- Completed reload, in  0.646 seconds
Platform modules already initialized, skipping
Refreshing native plugins compatible for Editor in 0.56 ms, found 0 plugins.
Preloading 0 native plugins for Editor in 0.00 ms.
Unloading 1137 Unused Serialized files (Serialized files now loaded: 0)
System memory in use before: 64.5 MB.
System memory in use after: 64.0 MB.

Unloading 17 unused Assets to reduce memory usage. Loaded Objects now: 1677.
Total: 4.054700 ms (FindLiveObjects: 0.316400 ms CreateObjectMapping: 0.213100 ms MarkObjects: 3.108000 ms  DeleteObjects: 0.415300 ms)

========================================================================
Received Prepare
Registering precompiled user dll's ...
Registered in 0.000583 seconds.
Begin MonoManager ReloadAssembly
Native extension for WindowsStandalone target not found
Refreshing native plugins compatible for Editor in 0.20 ms, found 0 plugins.
Preloading 0 native plugins for Editor in 0.00 ms.
Invoked RoslynAnalysisRunner static constructor.
RoslynAnalysisRunner will not be running.
RoslynAnalysisRunner has terminated.
Mono: successfully reloaded assembly
- Completed reload, in  0.890 seconds
Platform modules already initialized, skipping
Refreshing native plugins compatible for Editor in 0.20 ms, found 0 plugins.
Preloading 0 native plugins for Editor in 0.00 ms.
Unloading 1137 Unused Serialized files (Serialized files now loaded: 0)
System memory in use before: 64.6 MB.
System memory in use after: 64.1 MB.

Unloading 17 unused Assets to reduce memory usage. Loaded Objects now: 1679.
Total: 1.651000 ms (FindLiveObjects: 0.131000 ms CreateObjectMapping: 0.033300 ms MarkObjects: 1.181900 ms  DeleteObjects: 0.303800 ms)

========================================================================
Received Prepare
Registering precompiled user dll's ...
Registered in 0.000580 seconds.
Begin MonoManager ReloadAssembly
Native extension for WindowsStandalone target not found
Refreshing native plugins compatible for Editor in 0.35 ms, found 0 plugins.
Preloading 0 native plugins for Editor in 0.00 ms.
Invoked RoslynAnalysisRunner static constructor.
RoslynAnalysisRunner will not be running.
RoslynAnalysisRunner has terminated.
Mono: successfully reloaded assembly
- Completed reload, in  0.678 seconds
Platform modules already initialized, skipping
Refreshing native plugins compatible for Editor in 0.19 ms, found 0 plugins.
Preloading 0 native plugins for Editor in 0.00 ms.
Unloading 1137 Unused Serialized files (Serialized files now loaded: 0)
System memory in use before: 64.7 MB.
System memory in use after: 64.2 MB.

Unloading 17 unused Assets to reduce memory usage. Loaded Objects now: 1681.
Total: 1.526100 ms (FindLiveObjects: 0.133900 ms CreateObjectMapping: 0.036400 ms MarkObjects: 1.089400 ms  DeleteObjects: 0.265600 ms)

========================================================================
Received Prepare
Registering precompiled user dll's ...
Registered in 0.000565 seconds.
Begin MonoManager ReloadAssembly
Native extension for WindowsStandalone target not found
Refreshing native plugins compatible for Editor in 0.20 ms, found 0 plugins.
Preloading 0 native plugins for Editor in 0.00 ms.
Invoked RoslynAnalysisRunner static constructor.
RoslynAnalysisRunner will not be running.
RoslynAnalysisRunner has terminated.
Mono: successfully reloaded assembly
- Completed reload, in  0.709 seconds
Platform modules already initialized, skipping
Refreshing native plugins compatible for Editor in 0.18 ms, found 0 plugins.
Preloading 0 native plugins for Editor in 0.00 ms.
Unloading 1137 Unused Serialized files (Serialized files now loaded: 0)
System memory in use before: 64.7 MB.
System memory in use after: 64.3 MB.

Unloading 17 unused Assets to reduce memory usage. Loaded Objects now: 1683.
Total: 1.681900 ms (FindLiveObjects: 0.126300 ms CreateObjectMapping: 0.033500 ms MarkObjects: 1.253000 ms  DeleteObjects: 0.268100 ms)

========================================================================
Received Prepare
Registering precompiled user dll's ...
Registered in 0.000521 seconds.
Begin MonoManager ReloadAssembly
Native extension for WindowsStandalone target not found
Refreshing native plugins compatible for Editor in 0.18 ms, found 0 plugins.
Preloading 0 native plugins for Editor in 0.00 ms.
Invoked RoslynAnalysisRunner static constructor.
RoslynAnalysisRunner will not be running.
RoslynAnalysisRunner has terminated.
Mono: successfully reloaded assembly
- Completed reload, in  0.658 seconds
Platform modules already initialized, skipping
Refreshing native plugins compatible for Editor in 0.18 ms, found 0 plugins.
Preloading 0 native plugins for Editor in 0.00 ms.
Unloading 1137 Unused Serialized files (Serialized files now loaded: 0)
System memory in use before: 64.8 MB.
System memory in use after: 64.3 MB.

Unloading 17 unused Assets to reduce memory usage. Loaded Objects now: 1685.
Total: 1.605900 ms (FindLiveObjects: 0.139000 ms CreateObjectMapping: 0.036100 ms MarkObjects: 1.150500 ms  DeleteObjects: 0.279400 ms)

========================================================================
Received Prepare
Registering precompiled user dll's ...
Registered in 0.000779 seconds.
Begin MonoManager ReloadAssembly
Native extension for WindowsStandalone target not found
Refreshing native plugins compatible for Editor in 0.28 ms, found 0 plugins.
Preloading 0 native plugins for Editor in 0.00 ms.
Invoked RoslynAnalysisRunner static constructor.
RoslynAnalysisRunner will not be running.
RoslynAnalysisRunner has terminated.
Mono: successfully reloaded assembly
- Completed reload, in  0.817 seconds
Platform modules already initialized, skipping
Refreshing native plugins compatible for Editor in 0.18 ms, found 0 plugins.
Preloading 0 native plugins for Editor in 0.00 ms.
Unloading 1137 Unused Serialized files (Serialized files now loaded: 0)
System memory in use before: 64.9 MB.
System memory in use after: 64.4 MB.

Unloading 17 unused Assets to reduce memory usage. Loaded Objects now: 1687.
Total: 1.681800 ms (FindLiveObjects: 0.154500 ms CreateObjectMapping: 0.038800 ms MarkObjects: 1.153000 ms  DeleteObjects: 0.334200 ms)

========================================================================
Received Prepare
Registering precompiled user dll's ...
Registered in 0.000540 seconds.
Begin MonoManager ReloadAssembly
Native extension for WindowsStandalone target not found
Refreshing native plugins compatible for Editor in 0.22 ms, found 0 plugins.
Preloading 0 native plugins for Editor in 0.00 ms.
Invoked RoslynAnalysisRunner static constructor.
RoslynAnalysisRunner will not be running.
RoslynAnalysisRunner has terminated.
Mono: successfully reloaded assembly
- Completed reload, in  0.725 seconds
Platform modules already initialized, skipping
Refreshing native plugins compatible for Editor in 0.20 ms, found 0 plugins.
Preloading 0 native plugins for Editor in 0.00 ms.
Unloading 1137 Unused Serialized files (Serialized files now loaded: 0)
System memory in use before: 65.0 MB.
System memory in use after: 64.5 MB.

Unloading 17 unused Assets to reduce memory usage. Loaded Objects now: 1689.
Total: 3.351800 ms (FindLiveObjects: 0.356000 ms CreateObjectMapping: 0.130700 ms MarkObjects: 2.071600 ms  DeleteObjects: 0.791100 ms)

========================================================================
Received Prepare
Registering precompiled user dll's ...
Registered in 0.000589 seconds.
Begin MonoManager ReloadAssembly
Native extension for WindowsStandalone target not found
Refreshing native plugins compatible for Editor in 0.19 ms, found 0 plugins.
Preloading 0 native plugins for Editor in 0.00 ms.
Invoked RoslynAnalysisRunner static constructor.
RoslynAnalysisRunner will not be running.
RoslynAnalysisRunner has terminated.
Mono: successfully reloaded assembly
- Completed reload, in  0.641 seconds
Platform modules already initialized, skipping
Refreshing native plugins compatible for Editor in 0.18 ms, found 0 plugins.
Preloading 0 native plugins for Editor in 0.00 ms.
Unloading 1137 Unused Serialized files (Serialized files now loaded: 0)
System memory in use before: 65.0 MB.
System memory in use after: 64.6 MB.

Unloading 17 unused Assets to reduce memory usage. Loaded Objects now: 1691.
Total: 2.404500 ms (FindLiveObjects: 0.331300 ms CreateObjectMapping: 0.080800 ms MarkObjects: 1.707200 ms  DeleteObjects: 0.284100 ms)

========================================================================
Received Prepare
Registering precompiled user dll's ...
Registered in 0.000583 seconds.
Begin MonoManager ReloadAssembly
Native extension for WindowsStandalone target not found
Refreshing native plugins compatible for Editor in 0.18 ms, found 0 plugins.
Preloading 0 native plugins for Editor in 0.00 ms.
Invoked RoslynAnalysisRunner static constructor.
RoslynAnalysisRunner will not be running.
RoslynAnalysisRunner has terminated.
Mono: successfully reloaded assembly
- Completed reload, in  0.663 seconds
Platform modules already initialized, skipping
Refreshing native plugins compatible for Editor in 0.68 ms, found 0 plugins.
Preloading 0 native plugins for Editor in 0.00 ms.
Unloading 1137 Unused Serialized files (Serialized files now loaded: 0)
System memory in use before: 65.1 MB.
System memory in use after: 64.6 MB.

Unloading 17 unused Assets to reduce memory usage. Loaded Objects now: 1693.
Total: 1.576600 ms (FindLiveObjects: 0.145100 ms CreateObjectMapping: 0.062200 ms MarkObjects: 1.102800 ms  DeleteObjects: 0.265300 ms)

========================================================================
Received Prepare
Registering precompiled user dll's ...
Registered in 0.000847 seconds.
Begin MonoManager ReloadAssembly
Native extension for WindowsStandalone target not found
Refreshing native plugins compatible for Editor in 0.21 ms, found 0 plugins.
Preloading 0 native plugins for Editor in 0.00 ms.
Invoked RoslynAnalysisRunner static constructor.
RoslynAnalysisRunner will not be running.
RoslynAnalysisRunner has terminated.
Mono: successfully reloaded assembly
- Completed reload, in  0.659 seconds
Platform modules already initialized, skipping
Refreshing native plugins compatible for Editor in 0.22 ms, found 0 plugins.
Preloading 0 native plugins for Editor in 0.00 ms.
Unloading 1137 Unused Serialized files (Serialized files now loaded: 0)
System memory in use before: 64.2 MB.
System memory in use after: 63.7 MB.

Unloading 17 unused Assets to reduce memory usage. Loaded Objects now: 1695.
Total: 1.722700 ms (FindLiveObjects: 0.159500 ms CreateObjectMapping: 0.046100 ms MarkObjects: 1.209200 ms  DeleteObjects: 0.307000 ms)

========================================================================
Received Prepare
Registering precompiled user dll's ...
Registered in 0.000512 seconds.
Begin MonoManager ReloadAssembly
Native extension for WindowsStandalone target not found
Refreshing native plugins compatible for Editor in 0.18 ms, found 0 plugins.
Preloading 0 native plugins for Editor in 0.00 ms.
Invoked RoslynAnalysisRunner static constructor.
RoslynAnalysisRunner will not be running.
RoslynAnalysisRunner has terminated.
Mono: successfully reloaded assembly
- Completed reload, in  0.673 seconds
Platform modules already initialized, skipping
Refreshing native plugins compatible for Editor in 0.19 ms, found 0 plugins.
Preloading 0 native plugins for Editor in 0.00 ms.
Unloading 1137 Unused Serialized files (Serialized files now loaded: 0)
System memory in use before: 64.3 MB.
System memory in use after: 63.8 MB.

Unloading 17 unused Assets to reduce memory usage. Loaded Objects now: 1697.
Total: 2.852800 ms (FindLiveObjects: 0.161600 ms CreateObjectMapping: 0.052200 ms MarkObjects: 2.297500 ms  DeleteObjects: 0.339600 ms)

========================================================================
Received Prepare
Registering precompiled user dll's ...
Registered in 0.000590 seconds.
Begin MonoManager ReloadAssembly
Native extension for WindowsStandalone target not found
Refreshing native plugins compatible for Editor in 0.38 ms, found 0 plugins.
Preloading 0 native plugins for Editor in 0.00 ms.
Invoked RoslynAnalysisRunner static constructor.
RoslynAnalysisRunner will not be running.
RoslynAnalysisRunner has terminated.
Mono: successfully reloaded assembly
- Completed reload, in  0.702 seconds
Platform modules already initialized, skipping
Refreshing native plugins compatible for Editor in 0.22 ms, found 0 plugins.
Preloading 0 native plugins for Editor in 0.00 ms.
Unloading 1137 Unused Serialized files (Serialized files now loaded: 0)
System memory in use before: 64.3 MB.
System memory in use after: 63.9 MB.

Unloading 17 unused Assets to reduce memory usage. Loaded Objects now: 1699.
Total: 1.849200 ms (FindLiveObjects: 0.163300 ms CreateObjectMapping: 0.051200 ms MarkObjects: 1.342200 ms  DeleteObjects: 0.291500 ms)

========================================================================
Received Prepare
Registering precompiled user dll's ...
Registered in 0.000615 seconds.
Begin MonoManager ReloadAssembly
Native extension for WindowsStandalone target not found
Refreshing native plugins compatible for Editor in 0.22 ms, found 0 plugins.
Preloading 0 native plugins for Editor in 0.00 ms.
Invoked RoslynAnalysisRunner static constructor.
RoslynAnalysisRunner will not be running.
RoslynAnalysisRunner has terminated.
Mono: successfully reloaded assembly
- Completed reload, in  0.705 seconds
Platform modules already initialized, skipping
Refreshing native plugins compatible for Editor in 0.18 ms, found 0 plugins.
Preloading 0 native plugins for Editor in 0.00 ms.
Unloading 1137 Unused Serialized files (Serialized files now loaded: 0)
System memory in use before: 64.4 MB.
System memory in use after: 63.9 MB.

Unloading 17 unused Assets to reduce memory usage. Loaded Objects now: 1701.
Total: 1.607200 ms (FindLiveObjects: 0.127200 ms CreateObjectMapping: 0.035400 ms MarkObjects: 1.164300 ms  DeleteObjects: 0.279400 ms)

========================================================================
Received Prepare
Registering precompiled user dll's ...
Registered in 0.000559 seconds.
Begin MonoManager ReloadAssembly
Native extension for WindowsStandalone target not found
Refreshing native plugins compatible for Editor in 0.20 ms, found 0 plugins.
Preloading 0 native plugins for Editor in 0.00 ms.
Invoked RoslynAnalysisRunner static constructor.
RoslynAnalysisRunner will not be running.
RoslynAnalysisRunner has terminated.
Mono: successfully reloaded assembly
- Completed reload, in  0.680 seconds
Platform modules already initialized, skipping
Refreshing native plugins compatible for Editor in 0.23 ms, found 0 plugins.
Preloading 0 native plugins for Editor in 0.00 ms.
Unloading 1137 Unused Serialized files (Serialized files now loaded: 0)
System memory in use before: 64.5 MB.
System memory in use after: 64.0 MB.

Unloading 17 unused Assets to reduce memory usage. Loaded Objects now: 1703.
Total: 1.699700 ms (FindLiveObjects: 0.165000 ms CreateObjectMapping: 0.040900 ms MarkObjects: 1.185100 ms  DeleteObjects: 0.307700 ms)

========================================================================
Received Prepare
Registering precompiled user dll's ...
Registered in 0.000493 seconds.
Begin MonoManager ReloadAssembly
Native extension for WindowsStandalone target not found
Refreshing native plugins compatible for Editor in 0.18 ms, found 0 plugins.
Preloading 0 native plugins for Editor in 0.00 ms.
Invoked RoslynAnalysisRunner static constructor.
RoslynAnalysisRunner will not be running.
RoslynAnalysisRunner has terminated.
Mono: successfully reloaded assembly
- Completed reload, in  0.651 seconds
Platform modules already initialized, skipping
Refreshing native plugins compatible for Editor in 0.19 ms, found 0 plugins.
Preloading 0 native plugins for Editor in 0.00 ms.
Unloading 1137 Unused Serialized files (Serialized files now loaded: 0)
System memory in use before: 64.6 MB.
System memory in use after: 64.1 MB.

Unloading 17 unused Assets to reduce memory usage. Loaded Objects now: 1705.
Total: 2.189700 ms (FindLiveObjects: 0.128100 ms CreateObjectMapping: 0.035400 ms MarkObjects: 1.670300 ms  DeleteObjects: 0.354700 ms)

========================================================================
Received Prepare
Registering precompiled user dll's ...
Registered in 0.000823 seconds.
Begin MonoManager ReloadAssembly
Native extension for WindowsStandalone target not found
Refreshing native plugins compatible for Editor in 0.18 ms, found 0 plugins.
Preloading 0 native plugins for Editor in 0.00 ms.
Invoked RoslynAnalysisRunner static constructor.
RoslynAnalysisRunner will not be running.
RoslynAnalysisRunner has terminated.
Mono: successfully reloaded assembly
- Completed reload, in  0.697 seconds
Platform modules already initialized, skipping
Refreshing native plugins compatible for Editor in 0.18 ms, found 0 plugins.
Preloading 0 native plugins for Editor in 0.00 ms.
Unloading 1137 Unused Serialized files (Serialized files now loaded: 0)
System memory in use before: 64.6 MB.
System memory in use after: 64.2 MB.

Unloading 17 unused Assets to reduce memory usage. Loaded Objects now: 1707.
Total: 1.761700 ms (FindLiveObjects: 0.161900 ms CreateObjectMapping: 0.037900 ms MarkObjects: 1.283800 ms  DeleteObjects: 0.276600 ms)

========================================================================
Received Prepare
Registering precompiled user dll's ...
Registered in 0.000664 seconds.
Begin MonoManager ReloadAssembly
Native extension for WindowsStandalone target not found
Refreshing native plugins compatible for Editor in 0.19 ms, found 0 plugins.
Preloading 0 native plugins for Editor in 0.00 ms.
Invoked RoslynAnalysisRunner static constructor.
RoslynAnalysisRunner will not be running.
RoslynAnalysisRunner has terminated.
Mono: successfully reloaded assembly
- Completed reload, in  0.652 seconds
Platform modules already initialized, skipping
Refreshing native plugins compatible for Editor in 0.19 ms, found 0 plugins.
Preloading 0 native plugins for Editor in 0.00 ms.
Unloading 1137 Unused Serialized files (Serialized files now loaded: 0)
System memory in use before: 64.7 MB.
System memory in use after: 64.2 MB.

Unloading 17 unused Assets to reduce memory usage. Loaded Objects now: 1709.
Total: 1.612800 ms (FindLiveObjects: 0.138600 ms CreateObjectMapping: 0.034700 ms MarkObjects: 1.145600 ms  DeleteObjects: 0.292700 ms)

========================================================================
Received Prepare
Registering precompiled user dll's ...
Registered in 0.000584 seconds.
Begin MonoManager ReloadAssembly
Native extension for WindowsStandalone target not found
Refreshing native plugins compatible for Editor in 0.21 ms, found 0 plugins.
Preloading 0 native plugins for Editor in 0.00 ms.
Invoked RoslynAnalysisRunner static constructor.
RoslynAnalysisRunner will not be running.
RoslynAnalysisRunner has terminated.
Mono: successfully reloaded assembly
- Completed reload, in  0.696 seconds
Platform modules already initialized, skipping
Refreshing native plugins compatible for Editor in 0.21 ms, found 0 plugins.
Preloading 0 native plugins for Editor in 0.00 ms.
Unloading 1137 Unused Serialized files (Serialized files now loaded: 0)
System memory in use before: 64.8 MB.
System memory in use after: 64.3 MB.

Unloading 17 unused Assets to reduce memory usage. Loaded Objects now: 1711.
Total: 2.750300 ms (FindLiveObjects: 0.251400 ms CreateObjectMapping: 0.065600 ms MarkObjects: 2.134100 ms  DeleteObjects: 0.297000 ms)

========================================================================
Received Prepare
Registering precompiled user dll's ...
Registered in 0.000587 seconds.
Begin MonoManager ReloadAssembly
Native extension for WindowsStandalone target not found
Refreshing native plugins compatible for Editor in 0.18 ms, found 0 plugins.
Preloading 0 native plugins for Editor in 0.00 ms.
Invoked RoslynAnalysisRunner static constructor.
RoslynAnalysisRunner will not be running.
RoslynAnalysisRunner has terminated.
Mono: successfully reloaded assembly
- Completed reload, in  0.658 seconds
Platform modules already initialized, skipping
Refreshing native plugins compatible for Editor in 0.27 ms, found 0 plugins.
Preloading 0 native plugins for Editor in 0.00 ms.
Unloading 1137 Unused Serialized files (Serialized files now loaded: 0)
System memory in use before: 64.9 MB.
System memory in use after: 64.4 MB.

Unloading 17 unused Assets to reduce memory usage. Loaded Objects now: 1713.
Total: 1.694500 ms (FindLiveObjects: 0.153000 ms CreateObjectMapping: 0.032500 ms MarkObjects: 1.212300 ms  DeleteObjects: 0.295700 ms)

========================================================================
Received Prepare
Registering precompiled user dll's ...
Registered in 0.000633 seconds.
Begin MonoManager ReloadAssembly
Native extension for WindowsStandalone target not found
Refreshing native plugins compatible for Editor in 0.19 ms, found 0 plugins.
Preloading 0 native plugins for Editor in 0.00 ms.
Invoked RoslynAnalysisRunner static constructor.
RoslynAnalysisRunner will not be running.
RoslynAnalysisRunner has terminated.
Mono: successfully reloaded assembly
- Completed reload, in  0.645 seconds
Platform modules already initialized, skipping
Refreshing native plugins compatible for Editor in 0.20 ms, found 0 plugins.
Preloading 0 native plugins for Editor in 0.00 ms.
Unloading 1137 Unused Serialized files (Serialized files now loaded: 0)
System memory in use before: 64.9 MB.
System memory in use after: 64.4 MB.

Unloading 17 unused Assets to reduce memory usage. Loaded Objects now: 1715.
Total: 1.498600 ms (FindLiveObjects: 0.123300 ms CreateObjectMapping: 0.031900 ms MarkObjects: 1.078800 ms  DeleteObjects: 0.263900 ms)

========================================================================
Received Prepare
Registering precompiled user dll's ...
Registered in 0.000589 seconds.
Begin MonoManager ReloadAssembly
Native extension for WindowsStandalone target not found
Refreshing native plugins compatible for Editor in 0.18 ms, found 0 plugins.
Preloading 0 native plugins for Editor in 0.00 ms.
Invoked RoslynAnalysisRunner static constructor.
RoslynAnalysisRunner will not be running.
RoslynAnalysisRunner has terminated.
Mono: successfully reloaded assembly
- Completed reload, in  0.662 seconds
Platform modules already initialized, skipping
Refreshing native plugins compatible for Editor in 0.18 ms, found 0 plugins.
Preloading 0 native plugins for Editor in 0.00 ms.
Unloading 1137 Unused Serialized files (Serialized files now loaded: 0)
System memory in use before: 65.0 MB.
System memory in use after: 64.5 MB.

Unloading 17 unused Assets to reduce memory usage. Loaded Objects now: 1717.
Total: 1.594000 ms (FindLiveObjects: 0.158000 ms CreateObjectMapping: 0.037100 ms MarkObjects: 1.136800 ms  DeleteObjects: 0.260800 ms)

========================================================================
Received Prepare
Registering precompiled user dll's ...
Registered in 0.000777 seconds.
Begin MonoManager ReloadAssembly
Native extension for WindowsStandalone target not found
Refreshing native plugins compatible for Editor in 0.38 ms, found 0 plugins.
Preloading 0 native plugins for Editor in 0.00 ms.
Invoked RoslynAnalysisRunner static constructor.
RoslynAnalysisRunner will not be running.
RoslynAnalysisRunner has terminated.
Mono: successfully reloaded assembly
- Completed reload, in  0.645 seconds
Platform modules already initialized, skipping
Refreshing native plugins compatible for Editor in 0.18 ms, found 0 plugins.
Preloading 0 native plugins for Editor in 0.00 ms.
Unloading 1137 Unused Serialized files (Serialized files now loaded: 0)
System memory in use before: 65.1 MB.
System memory in use after: 64.6 MB.

Unloading 17 unused Assets to reduce memory usage. Loaded Objects now: 1719.
Total: 2.588300 ms (FindLiveObjects: 0.130900 ms CreateObjectMapping: 0.035300 ms MarkObjects: 2.071900 ms  DeleteObjects: 0.348800 ms)

========================================================================
Received Import Request.
  Time since last request: 2031.116603 seconds.
  path: Assets/TwitchChatConnect/Example/MiniGame/Materials/Player.mat
  artifactKey: Guid(9a152b0ce7eb49544b1e51b0f2b4037b) Importer(815301076,1909f56bfc062723c751e8b465ee728b)
Start importing Assets/TwitchChatConnect/Example/MiniGame/Materials/Player.mat using Guid(9a152b0ce7eb49544b1e51b0f2b4037b) Importer(815301076,1909f56bfc062723c751e8b465ee728b)  -> (artifact id: 'cfcafb2e21cd07d0ab9cdf596572b12d') in 0.080597 seconds
  Import took 0.082596 seconds .

========================================================================
Received Import Request.
  Time since last request: 0.000231 seconds.
  path: Assets/TwitchChatConnect/Example/MiniGame/Prefabs/Player.prefab
  artifactKey: Guid(28f7cb51faf83b847a0ff3353af610d5) Importer(815301076,1909f56bfc062723c751e8b465ee728b)
Start importing Assets/TwitchChatConnect/Example/MiniGame/Prefabs/Player.prefab using Guid(28f7cb51faf83b847a0ff3353af610d5) Importer(815301076,1909f56bfc062723c751e8b465ee728b)  -> (artifact id: '9e8e1892e98acea54a9e036e9b89bd70') in 0.025086 seconds
  Import took 0.027201 seconds .

========================================================================
Received Import Request.
  Time since last request: 2.597846 seconds.
  path: Assets/Scenes/PlayScene.unity
  artifactKey: Guid(57cac0a425277e74da0ba59979d4a145) Importer(815301076,1909f56bfc062723c751e8b465ee728b)
Start importing Assets/Scenes/PlayScene.unity using Guid(57cac0a425277e74da0ba59979d4a145) Importer(815301076,1909f56bfc062723c751e8b465ee728b)  -> (artifact id: 'ee49e55bcf21de877e58e44ef92bf3c1') in 0.007495 seconds
  Import took 0.009287 seconds .

========================================================================
Received Import Request.
  Time since last request: 0.005942 seconds.
  path: Assets/Scenes/PlayScene.unity
  artifactKey: Guid(57cac0a425277e74da0ba59979d4a145) Importer(815301076,1909f56bfc062723c751e8b465ee728b)
Start importing Assets/Scenes/PlayScene.unity using Guid(57cac0a425277e74da0ba59979d4a145) Importer(815301076,1909f56bfc062723c751e8b465ee728b)  -> (artifact id: 'ee49e55bcf21de877e58e44ef92bf3c1') in 0.002828 seconds
  Import took 0.004717 seconds .

========================================================================
Received Prepare
Registering precompiled user dll's ...
Registered in 0.000604 seconds.
Begin MonoManager ReloadAssembly
Native extension for WindowsStandalone target not found
Refreshing native plugins compatible for Editor in 0.18 ms, found 0 plugins.
Preloading 0 native plugins for Editor in 0.00 ms.
Invoked RoslynAnalysisRunner static constructor.
RoslynAnalysisRunner will not be running.
RoslynAnalysisRunner has terminated.
Mono: successfully reloaded assembly
- Completed reload, in  0.745 seconds
Platform modules already initialized, skipping
Refreshing native plugins compatible for Editor in 0.24 ms, found 0 plugins.
Preloading 0 native plugins for Editor in 0.00 ms.
Unloading 1137 Unused Serialized files (Serialized files now loaded: 0)
System memory in use before: 65.4 MB.
System memory in use after: 64.9 MB.

Unloading 17 unused Assets to reduce memory usage. Loaded Objects now: 1756.
Total: 2.704300 ms (FindLiveObjects: 0.254300 ms CreateObjectMapping: 0.149700 ms MarkObjects: 2.009600 ms  DeleteObjects: 0.286400 ms)

========================================================================
Received Prepare
Registering precompiled user dll's ...
Registered in 0.000897 seconds.
Begin MonoManager ReloadAssembly
Native extension for WindowsStandalone target not found
Refreshing native plugins compatible for Editor in 0.19 ms, found 0 plugins.
Preloading 0 native plugins for Editor in 0.00 ms.
Invoked RoslynAnalysisRunner static constructor.
RoslynAnalysisRunner will not be running.
RoslynAnalysisRunner has terminated.
Mono: successfully reloaded assembly
- Completed reload, in  0.725 seconds
Platform modules already initialized, skipping
Refreshing native plugins compatible for Editor in 0.33 ms, found 0 plugins.
Preloading 0 native plugins for Editor in 0.00 ms.
Unloading 1137 Unused Serialized files (Serialized files now loaded: 0)
System memory in use before: 64.5 MB.
System memory in use after: 64.1 MB.

Unloading 17 unused Assets to reduce memory usage. Loaded Objects now: 1758.
Total: 1.756700 ms (FindLiveObjects: 0.136000 ms CreateObjectMapping: 0.035700 ms MarkObjects: 1.251300 ms  DeleteObjects: 0.332900 ms)

