Using pre-set license
Built from '2020.2/release' branch; Version is '2020.2.2f1 (068178b99f32) revision 426360'; Using compiler version '192528614'; Build Type 'Release'
OS: 'Windows 10 Home; OS build 18363.1316; Version 1909; 64bit' Language: 'en' Physical Memory: 16169 MB
BatchMode: 1, IsHumanControllingUs: 0, StartBugReporterOnCrash: 0, Is64bit: 1, IsPro: 0

 COMMAND LINE ARGUMENTS:
C:\Program Files\2020.2.2f1\Editor\Unity.exe
-adb2
-batchMode
-noUpm
-name
AssetImportWorker0
-projectPath
C:/Users/sunlu/Documents/GitRepos/GGJ2021_Minesweeper/MineSweeper.Unity-master
-logFile
Logs/AssetImportWorker0.log
-srvPort
49159
Successfully changed project path to: C:/Users/sunlu/Documents/GitRepos/GGJ2021_Minesweeper/MineSweeper.Unity-master
C:/Users/sunlu/Documents/GitRepos/GGJ2021_Minesweeper/MineSweeper.Unity-master
Using Asset Import Pipeline V2.
Refreshing native plugins compatible for Editor in 23.32 ms, found 0 plugins.
Preloading 0 native plugins for Editor in 0.00 ms.
Initialize engine version: 2020.2.2f1 (068178b99f32)
[Subsystems] Discovering subsystems at path C:/Program Files/2020.2.2f1/Editor/Data/Resources/UnitySubsystems
[Subsystems] Discovering subsystems at path C:/Users/sunlu/Documents/GitRepos/GGJ2021_Minesweeper/MineSweeper.Unity-master/Assets
GfxDevice: creating device client; threaded=0
Direct3D:
    Version:  Direct3D 11.0 [level 11.1]
    Renderer: NVIDIA GeForce RTX 2070 (ID=0x1f14)
    Vendor:   
    VRAM:     8031 MB
    Driver:   26.21.14.4280
Initialize mono
Mono path[0] = 'C:/Program Files/2020.2.2f1/Editor/Data/Managed'
Mono path[1] = 'C:/Program Files/2020.2.2f1/Editor/Data/MonoBleedingEdge/lib/mono/unityjit'
Mono config path = 'C:/Program Files/2020.2.2f1/Editor/Data/MonoBleedingEdge/etc'
Using monoOptions --debugger-agent=transport=dt_socket,embedding=1,server=y,suspend=n,address=127.0.0.1:56796
Begin MonoManager ReloadAssembly
Registering precompiled unity dll's ...
Register platform support module: C:/Program Files/2020.2.2f1/Editor/Data/PlaybackEngines/WindowsStandaloneSupport/UnityEditor.WindowsStandalone.Extensions.dll
Registered in 0.001401 seconds.
Native extension for WindowsStandalone target not found
Refreshing native plugins compatible for Editor in 21.89 ms, found 0 plugins.
Preloading 0 native plugins for Editor in 0.00 ms.
Invoked RoslynAnalysisRunner static constructor.
RoslynAnalysisRunner will not be running.
RoslynAnalysisRunner has terminated.
Mono: successfully reloaded assembly
- Completed reload, in  0.892 seconds
Platform modules already initialized, skipping
Registering precompiled user dll's ...
Registered in 0.000565 seconds.
Begin MonoManager ReloadAssembly
Native extension for WindowsStandalone target not found
Refreshing native plugins compatible for Editor in 0.20 ms, found 0 plugins.
Preloading 0 native plugins for Editor in 0.00 ms.
Invoked RoslynAnalysisRunner static constructor.
RoslynAnalysisRunner will not be running.
RoslynAnalysisRunner has terminated.
Mono: successfully reloaded assembly
- Completed reload, in  0.680 seconds
Platform modules already initialized, skipping
========================================================================
Worker process is ready to serve import requests
Launched and connected shader compiler UnityShaderCompiler.exe after 0.03 seconds
Refreshing native plugins compatible for Editor in 0.19 ms, found 0 plugins.
Preloading 0 native plugins for Editor in 0.00 ms.
Unloading 1143 Unused Serialized files (Serialized files now loaded: 0)
System memory in use before: 59.8 MB.
System memory in use after: 59.8 MB.

Unloading 9 unused Assets to reduce memory usage. Loaded Objects now: 1585.
Total: 1.420900 ms (FindLiveObjects: 0.118600 ms CreateObjectMapping: 0.043700 ms MarkObjects: 1.208000 ms  DeleteObjects: 0.050000 ms)

========================================================================
Received Import Request.
  path: Assets/Scenes/PlayScene.unity
  artifactKey: Guid(57cac0a425277e74da0ba59979d4a145) Importer(815301076,1909f56bfc062723c751e8b465ee728b)
Start importing Assets/Scenes/PlayScene.unity using Guid(57cac0a425277e74da0ba59979d4a145) Importer(815301076,1909f56bfc062723c751e8b465ee728b)  -> (artifact id: '1f0bc8c57715d65ccfbec181d3394cca') in 0.013006 seconds
  Import took 0.014521 seconds .

========================================================================
Received Import Request.
  Time since last request: 0.000162 seconds.
  path: Assets/Scenes
  artifactKey: Guid(daa14d95c85b25541884e94adac7a412) Importer(815301076,1909f56bfc062723c751e8b465ee728b)
Start importing Assets/Scenes using Guid(daa14d95c85b25541884e94adac7a412) Importer(815301076,1909f56bfc062723c751e8b465ee728b)  -> (artifact id: 'c5e2721ef6bdcce2a02300ecd4242e5c') in 0.004943 seconds
  Import took 0.006450 seconds .

========================================================================
Received Prepare
Registering precompiled user dll's ...
Registered in 0.000553 seconds.
Begin MonoManager ReloadAssembly
Native extension for WindowsStandalone target not found
Refreshing native plugins compatible for Editor in 0.19 ms, found 0 plugins.
Preloading 0 native plugins for Editor in 0.00 ms.
Invoked RoslynAnalysisRunner static constructor.
RoslynAnalysisRunner will not be running.
RoslynAnalysisRunner has terminated.
Mono: successfully reloaded assembly
- Completed reload, in  0.687 seconds
Platform modules already initialized, skipping
Refreshing native plugins compatible for Editor in 0.20 ms, found 0 plugins.
Preloading 0 native plugins for Editor in 0.00 ms.
Unloading 1124 Unused Serialized files (Serialized files now loaded: 0)
System memory in use before: 58.7 MB.
System memory in use after: 58.8 MB.

Unloading 4 unused Assets to reduce memory usage. Loaded Objects now: 1587.
Total: 1.402300 ms (FindLiveObjects: 0.109400 ms CreateObjectMapping: 0.029100 ms MarkObjects: 1.227300 ms  DeleteObjects: 0.035700 ms)

========================================================================
Received Prepare
Registering precompiled user dll's ...
Registered in 0.000533 seconds.
Begin MonoManager ReloadAssembly
Native extension for WindowsStandalone target not found
Refreshing native plugins compatible for Editor in 0.22 ms, found 0 plugins.
Preloading 0 native plugins for Editor in 0.00 ms.
Invoked RoslynAnalysisRunner static constructor.
RoslynAnalysisRunner will not be running.
RoslynAnalysisRunner has terminated.
Mono: successfully reloaded assembly
- Completed reload, in  0.590 seconds
Platform modules already initialized, skipping
Refreshing native plugins compatible for Editor in 0.19 ms, found 0 plugins.
Preloading 0 native plugins for Editor in 0.00 ms.
Unloading 1124 Unused Serialized files (Serialized files now loaded: 0)
System memory in use before: 58.9 MB.
System memory in use after: 59.0 MB.

Unloading 4 unused Assets to reduce memory usage. Loaded Objects now: 1589.
Total: 1.284600 ms (FindLiveObjects: 0.144300 ms CreateObjectMapping: 0.039900 ms MarkObjects: 1.089200 ms  DeleteObjects: 0.010200 ms)

========================================================================
Received Prepare
Registering precompiled user dll's ...
Registered in 0.000597 seconds.
Begin MonoManager ReloadAssembly
Native extension for WindowsStandalone target not found
Refreshing native plugins compatible for Editor in 0.23 ms, found 0 plugins.
Preloading 0 native plugins for Editor in 0.00 ms.
Invoked RoslynAnalysisRunner static constructor.
RoslynAnalysisRunner will not be running.
RoslynAnalysisRunner has terminated.
Mono: successfully reloaded assembly
- Completed reload, in  0.718 seconds
Platform modules already initialized, skipping
Refreshing native plugins compatible for Editor in 0.19 ms, found 0 plugins.
Preloading 0 native plugins for Editor in 0.00 ms.
Unloading 1124 Unused Serialized files (Serialized files now loaded: 0)
System memory in use before: 59.1 MB.
System memory in use after: 59.3 MB.

Unloading 4 unused Assets to reduce memory usage. Loaded Objects now: 1591.
Total: 1.484300 ms (FindLiveObjects: 0.189700 ms CreateObjectMapping: 0.032500 ms MarkObjects: 1.250300 ms  DeleteObjects: 0.011100 ms)

========================================================================
Received Prepare
Registering precompiled user dll's ...
Registered in 0.000915 seconds.
Begin MonoManager ReloadAssembly
Native extension for WindowsStandalone target not found
Refreshing native plugins compatible for Editor in 0.34 ms, found 0 plugins.
Preloading 0 native plugins for Editor in 0.00 ms.
Invoked RoslynAnalysisRunner static constructor.
RoslynAnalysisRunner will not be running.
RoslynAnalysisRunner has terminated.
Mono: successfully reloaded assembly
- Completed reload, in  1.443 seconds
Platform modules already initialized, skipping
Refreshing native plugins compatible for Editor in 0.20 ms, found 0 plugins.
Preloading 0 native plugins for Editor in 0.00 ms.
Unloading 1124 Unused Serialized files (Serialized files now loaded: 0)
System memory in use before: 59.3 MB.
System memory in use after: 59.4 MB.

Unloading 4 unused Assets to reduce memory usage. Loaded Objects now: 1593.
Total: 2.020000 ms (FindLiveObjects: 0.147800 ms CreateObjectMapping: 0.043400 ms MarkObjects: 1.810700 ms  DeleteObjects: 0.017100 ms)

========================================================================
Received Prepare
Registering precompiled user dll's ...
Registered in 0.000646 seconds.
Begin MonoManager ReloadAssembly
Native extension for WindowsStandalone target not found
Refreshing native plugins compatible for Editor in 0.28 ms, found 0 plugins.
Preloading 0 native plugins for Editor in 0.00 ms.
Invoked RoslynAnalysisRunner static constructor.
RoslynAnalysisRunner will not be running.
RoslynAnalysisRunner has terminated.
Mono: successfully reloaded assembly
- Completed reload, in  0.778 seconds
Platform modules already initialized, skipping
Refreshing native plugins compatible for Editor in 0.20 ms, found 0 plugins.
Preloading 0 native plugins for Editor in 0.00 ms.
Unloading 1124 Unused Serialized files (Serialized files now loaded: 0)
System memory in use before: 59.6 MB.
System memory in use after: 59.7 MB.

Unloading 4 unused Assets to reduce memory usage. Loaded Objects now: 1595.
Total: 1.610100 ms (FindLiveObjects: 0.247100 ms CreateObjectMapping: 0.105100 ms MarkObjects: 1.245800 ms  DeleteObjects: 0.011000 ms)

========================================================================
Received Prepare
Registering precompiled user dll's ...
Registered in 0.000559 seconds.
Begin MonoManager ReloadAssembly
Native extension for WindowsStandalone target not found
Refreshing native plugins compatible for Editor in 0.18 ms, found 0 plugins.
Preloading 0 native plugins for Editor in 0.00 ms.
Invoked RoslynAnalysisRunner static constructor.
RoslynAnalysisRunner will not be running.
RoslynAnalysisRunner has terminated.
Mono: successfully reloaded assembly
- Completed reload, in  0.660 seconds
Platform modules already initialized, skipping
Refreshing native plugins compatible for Editor in 0.23 ms, found 0 plugins.
Preloading 0 native plugins for Editor in 0.00 ms.
Unloading 1124 Unused Serialized files (Serialized files now loaded: 0)
System memory in use before: 59.8 MB.
System memory in use after: 59.9 MB.

Unloading 4 unused Assets to reduce memory usage. Loaded Objects now: 1597.
Total: 1.310300 ms (FindLiveObjects: 0.124500 ms CreateObjectMapping: 0.033500 ms MarkObjects: 1.139700 ms  DeleteObjects: 0.011400 ms)

========================================================================
Received Prepare
Registering precompiled user dll's ...
Registered in 0.000609 seconds.
Begin MonoManager ReloadAssembly
Native extension for WindowsStandalone target not found
Refreshing native plugins compatible for Editor in 0.19 ms, found 0 plugins.
Preloading 0 native plugins for Editor in 0.00 ms.
Invoked RoslynAnalysisRunner static constructor.
RoslynAnalysisRunner will not be running.
RoslynAnalysisRunner has terminated.
Mono: successfully reloaded assembly
- Completed reload, in  0.649 seconds
Platform modules already initialized, skipping
Refreshing native plugins compatible for Editor in 0.21 ms, found 0 plugins.
Preloading 0 native plugins for Editor in 0.00 ms.
Unloading 1124 Unused Serialized files (Serialized files now loaded: 0)
System memory in use before: 60.0 MB.
System memory in use after: 60.1 MB.

Unloading 4 unused Assets to reduce memory usage. Loaded Objects now: 1599.
Total: 1.342600 ms (FindLiveObjects: 0.141900 ms CreateObjectMapping: 0.037700 ms MarkObjects: 1.150400 ms  DeleteObjects: 0.011700 ms)

========================================================================
Received Prepare
Registering precompiled user dll's ...
Registered in 0.000936 seconds.
Begin MonoManager ReloadAssembly
Native extension for WindowsStandalone target not found
Refreshing native plugins compatible for Editor in 0.19 ms, found 0 plugins.
Preloading 0 native plugins for Editor in 0.00 ms.
Invoked RoslynAnalysisRunner static constructor.
RoslynAnalysisRunner will not be running.
RoslynAnalysisRunner has terminated.
Mono: successfully reloaded assembly
- Completed reload, in  0.648 seconds
Platform modules already initialized, skipping
Refreshing native plugins compatible for Editor in 0.19 ms, found 0 plugins.
Preloading 0 native plugins for Editor in 0.00 ms.
Unloading 1124 Unused Serialized files (Serialized files now loaded: 0)
System memory in use before: 60.2 MB.
System memory in use after: 60.3 MB.

Unloading 4 unused Assets to reduce memory usage. Loaded Objects now: 1601.
Total: 1.401400 ms (FindLiveObjects: 0.134500 ms CreateObjectMapping: 0.044500 ms MarkObjects: 1.210800 ms  DeleteObjects: 0.010500 ms)

========================================================================
Received Prepare
Registering precompiled user dll's ...
Registered in 0.000511 seconds.
Begin MonoManager ReloadAssembly
Native extension for WindowsStandalone target not found
Refreshing native plugins compatible for Editor in 0.24 ms, found 0 plugins.
Preloading 0 native plugins for Editor in 0.00 ms.
Invoked RoslynAnalysisRunner static constructor.
RoslynAnalysisRunner will not be running.
RoslynAnalysisRunner has terminated.
Mono: successfully reloaded assembly
- Completed reload, in  0.649 seconds
Platform modules already initialized, skipping
Refreshing native plugins compatible for Editor in 0.18 ms, found 0 plugins.
Preloading 0 native plugins for Editor in 0.00 ms.
Unloading 1124 Unused Serialized files (Serialized files now loaded: 0)
System memory in use before: 60.3 MB.
System memory in use after: 60.4 MB.

Unloading 4 unused Assets to reduce memory usage. Loaded Objects now: 1603.
Total: 1.324300 ms (FindLiveObjects: 0.144300 ms CreateObjectMapping: 0.038000 ms MarkObjects: 1.130400 ms  DeleteObjects: 0.010600 ms)

========================================================================
Received Prepare
Registering precompiled user dll's ...
Registered in 0.000667 seconds.
Begin MonoManager ReloadAssembly
Native extension for WindowsStandalone target not found
Refreshing native plugins compatible for Editor in 0.18 ms, found 0 plugins.
Preloading 0 native plugins for Editor in 0.00 ms.
Invoked RoslynAnalysisRunner static constructor.
RoslynAnalysisRunner will not be running.
RoslynAnalysisRunner has terminated.
Mono: successfully reloaded assembly
- Completed reload, in  0.635 seconds
Platform modules already initialized, skipping
Refreshing native plugins compatible for Editor in 0.18 ms, found 0 plugins.
Preloading 0 native plugins for Editor in 0.00 ms.
Unloading 1124 Unused Serialized files (Serialized files now loaded: 0)
System memory in use before: 59.7 MB.
System memory in use after: 59.8 MB.

Unloading 4 unused Assets to reduce memory usage. Loaded Objects now: 1605.
Total: 1.275400 ms (FindLiveObjects: 0.133100 ms CreateObjectMapping: 0.040700 ms MarkObjects: 1.091000 ms  DeleteObjects: 0.009600 ms)

========================================================================
Received Prepare
Registering precompiled user dll's ...
Registered in 0.000735 seconds.
Begin MonoManager ReloadAssembly
Native extension for WindowsStandalone target not found
Refreshing native plugins compatible for Editor in 0.33 ms, found 0 plugins.
Preloading 0 native plugins for Editor in 0.00 ms.
Invoked RoslynAnalysisRunner static constructor.
RoslynAnalysisRunner will not be running.
RoslynAnalysisRunner has terminated.
Mono: successfully reloaded assembly
- Completed reload, in  0.725 seconds
Platform modules already initialized, skipping
Refreshing native plugins compatible for Editor in 0.19 ms, found 0 plugins.
Preloading 0 native plugins for Editor in 0.00 ms.
Unloading 1124 Unused Serialized files (Serialized files now loaded: 0)
System memory in use before: 59.9 MB.
System memory in use after: 60.0 MB.

Unloading 4 unused Assets to reduce memory usage. Loaded Objects now: 1607.
Total: 1.484700 ms (FindLiveObjects: 0.143600 ms CreateObjectMapping: 0.044100 ms MarkObjects: 1.284100 ms  DeleteObjects: 0.011900 ms)

========================================================================
Received Prepare
Registering precompiled user dll's ...
Registered in 0.000651 seconds.
Begin MonoManager ReloadAssembly
Native extension for WindowsStandalone target not found
Refreshing native plugins compatible for Editor in 0.19 ms, found 0 plugins.
Preloading 0 native plugins for Editor in 0.00 ms.
Invoked RoslynAnalysisRunner static constructor.
RoslynAnalysisRunner will not be running.
RoslynAnalysisRunner has terminated.
Mono: successfully reloaded assembly
- Completed reload, in  0.660 seconds
Platform modules already initialized, skipping
Refreshing native plugins compatible for Editor in 0.20 ms, found 0 plugins.
Preloading 0 native plugins for Editor in 0.00 ms.
Unloading 1124 Unused Serialized files (Serialized files now loaded: 0)
System memory in use before: 60.1 MB.
System memory in use after: 60.2 MB.

Unloading 4 unused Assets to reduce memory usage. Loaded Objects now: 1609.
Total: 1.304000 ms (FindLiveObjects: 0.143800 ms CreateObjectMapping: 0.065600 ms MarkObjects: 1.083100 ms  DeleteObjects: 0.009800 ms)

========================================================================
Received Prepare
Registering precompiled user dll's ...
Registered in 0.000554 seconds.
Begin MonoManager ReloadAssembly
Native extension for WindowsStandalone target not found
Refreshing native plugins compatible for Editor in 0.18 ms, found 0 plugins.
Preloading 0 native plugins for Editor in 0.00 ms.
Invoked RoslynAnalysisRunner static constructor.
RoslynAnalysisRunner will not be running.
RoslynAnalysisRunner has terminated.
Mono: successfully reloaded assembly
- Completed reload, in  0.635 seconds
Platform modules already initialized, skipping
Refreshing native plugins compatible for Editor in 0.18 ms, found 0 plugins.
Preloading 0 native plugins for Editor in 0.00 ms.
Unloading 1124 Unused Serialized files (Serialized files now loaded: 0)
System memory in use before: 60.3 MB.
System memory in use after: 60.4 MB.

Unloading 4 unused Assets to reduce memory usage. Loaded Objects now: 1611.
Total: 1.712900 ms (FindLiveObjects: 0.155200 ms CreateObjectMapping: 0.052200 ms MarkObjects: 1.486200 ms  DeleteObjects: 0.017900 ms)

========================================================================
Received Prepare
Registering precompiled user dll's ...
Registered in 0.000548 seconds.
Begin MonoManager ReloadAssembly
Native extension for WindowsStandalone target not found
Refreshing native plugins compatible for Editor in 0.20 ms, found 0 plugins.
Preloading 0 native plugins for Editor in 0.00 ms.
Invoked RoslynAnalysisRunner static constructor.
RoslynAnalysisRunner will not be running.
RoslynAnalysisRunner has terminated.
Mono: successfully reloaded assembly
- Completed reload, in  0.643 seconds
Platform modules already initialized, skipping
Refreshing native plugins compatible for Editor in 0.34 ms, found 0 plugins.
Preloading 0 native plugins for Editor in 0.00 ms.
Unloading 1124 Unused Serialized files (Serialized files now loaded: 0)
System memory in use before: 60.4 MB.
System memory in use after: 60.5 MB.

Unloading 4 unused Assets to reduce memory usage. Loaded Objects now: 1613.
Total: 1.367300 ms (FindLiveObjects: 0.167300 ms CreateObjectMapping: 0.048500 ms MarkObjects: 1.139100 ms  DeleteObjects: 0.011500 ms)

========================================================================
Received Import Request.
  Time since last request: 2720.388831 seconds.
  path: Assets/Scenes/MainMenuScene.unity
  artifactKey: Guid(96013dd8490eca24ab1b0ac2d89e77a9) Importer(815301076,1909f56bfc062723c751e8b465ee728b)
Start importing Assets/Scenes/MainMenuScene.unity using Guid(96013dd8490eca24ab1b0ac2d89e77a9) Importer(815301076,1909f56bfc062723c751e8b465ee728b)  -> (artifact id: '945d0512e7c4db1aa4f5bca54013d9f5') in 0.014230 seconds
  Import took 0.017553 seconds .

========================================================================
Received Prepare
Registering precompiled user dll's ...
Registered in 0.000713 seconds.
Begin MonoManager ReloadAssembly
Native extension for WindowsStandalone target not found
Refreshing native plugins compatible for Editor in 0.22 ms, found 0 plugins.
Preloading 0 native plugins for Editor in 0.00 ms.
Invoked RoslynAnalysisRunner static constructor.
RoslynAnalysisRunner will not be running.
RoslynAnalysisRunner has terminated.
Mono: successfully reloaded assembly
- Completed reload, in  0.695 seconds
Platform modules already initialized, skipping
Refreshing native plugins compatible for Editor in 0.78 ms, found 0 plugins.
Preloading 0 native plugins for Editor in 0.00 ms.
Unloading 1124 Unused Serialized files (Serialized files now loaded: 0)
System memory in use before: 59.7 MB.
System memory in use after: 59.8 MB.

Unloading 4 unused Assets to reduce memory usage. Loaded Objects now: 1615.
Total: 1.220000 ms (FindLiveObjects: 0.114300 ms CreateObjectMapping: 0.031500 ms MarkObjects: 1.061000 ms  DeleteObjects: 0.012500 ms)

========================================================================
Received Import Request.
  Time since last request: 310.972101 seconds.
  path: Assets/Scenes/PlayScene.unity
  artifactKey: Guid(57cac0a425277e74da0ba59979d4a145) Importer(815301076,1909f56bfc062723c751e8b465ee728b)
Start importing Assets/Scenes/PlayScene.unity using Guid(57cac0a425277e74da0ba59979d4a145) Importer(815301076,1909f56bfc062723c751e8b465ee728b)  -> (artifact id: 'bff3728f942f51c302281682da98d62f') in 0.016980 seconds
  Import took 0.019669 seconds .

========================================================================
Received Prepare
Registering precompiled user dll's ...
Registered in 0.000623 seconds.
Begin MonoManager ReloadAssembly
Native extension for WindowsStandalone target not found
Refreshing native plugins compatible for Editor in 0.19 ms, found 0 plugins.
Preloading 0 native plugins for Editor in 0.00 ms.
Invoked RoslynAnalysisRunner static constructor.
RoslynAnalysisRunner will not be running.
RoslynAnalysisRunner has terminated.
Mono: successfully reloaded assembly
- Completed reload, in  0.682 seconds
Platform modules already initialized, skipping
Refreshing native plugins compatible for Editor in 0.18 ms, found 0 plugins.
Preloading 0 native plugins for Editor in 0.00 ms.
Unloading 1124 Unused Serialized files (Serialized files now loaded: 0)
System memory in use before: 60.0 MB.
System memory in use after: 60.1 MB.

Unloading 4 unused Assets to reduce memory usage. Loaded Objects now: 1617.
Total: 2.319500 ms (FindLiveObjects: 0.260900 ms CreateObjectMapping: 0.062300 ms MarkObjects: 1.982100 ms  DeleteObjects: 0.012000 ms)

========================================================================
Received Import Request.
  Time since last request: 92.222536 seconds.
  path: Assets/Prefabs/GridTextPrefab.prefab
  artifactKey: Guid(9940f71a1c7a5bc4c8a84688f8a8a82c) Importer(815301076,1909f56bfc062723c751e8b465ee728b)
Start importing Assets/Prefabs/GridTextPrefab.prefab using Guid(9940f71a1c7a5bc4c8a84688f8a8a82c) Importer(815301076,1909f56bfc062723c751e8b465ee728b)  -> (artifact id: 'b9ba9146744537e9e411d637373fef50') in 0.107382 seconds
  Import took 0.109782 seconds .

========================================================================
Received Prepare
Registering precompiled user dll's ...
Registered in 0.000570 seconds.
Begin MonoManager ReloadAssembly
Native extension for WindowsStandalone target not found
Refreshing native plugins compatible for Editor in 0.29 ms, found 0 plugins.
Preloading 0 native plugins for Editor in 0.00 ms.
Invoked RoslynAnalysisRunner static constructor.
RoslynAnalysisRunner will not be running.
RoslynAnalysisRunner has terminated.
Mono: successfully reloaded assembly
- Completed reload, in  0.700 seconds
Platform modules already initialized, skipping
Refreshing native plugins compatible for Editor in 0.19 ms, found 0 plugins.
Preloading 0 native plugins for Editor in 0.00 ms.
Unloading 1124 Unused Serialized files (Serialized files now loaded: 0)
System memory in use before: 60.5 MB.
System memory in use after: 60.6 MB.

Unloading 4 unused Assets to reduce memory usage. Loaded Objects now: 1619.
Total: 1.300400 ms (FindLiveObjects: 0.169500 ms CreateObjectMapping: 0.034400 ms MarkObjects: 1.084200 ms  DeleteObjects: 0.011500 ms)

========================================================================
Received Import Request.
  Time since last request: 153.141691 seconds.
  path: Assets/Scenes/PlayScene.unity
  artifactKey: Guid(57cac0a425277e74da0ba59979d4a145) Importer(815301076,1909f56bfc062723c751e8b465ee728b)
Start importing Assets/Scenes/PlayScene.unity using Guid(57cac0a425277e74da0ba59979d4a145) Importer(815301076,1909f56bfc062723c751e8b465ee728b)  -> (artifact id: '47e69dadf8d963fa572f090383a79977') in 0.011137 seconds
  Import took 0.013672 seconds .

========================================================================
Received Prepare
Registering precompiled user dll's ...
Registered in 0.000603 seconds.
Begin MonoManager ReloadAssembly
Native extension for WindowsStandalone target not found
Refreshing native plugins compatible for Editor in 0.18 ms, found 0 plugins.
Preloading 0 native plugins for Editor in 0.00 ms.
Invoked RoslynAnalysisRunner static constructor.
RoslynAnalysisRunner will not be running.
RoslynAnalysisRunner has terminated.
Mono: successfully reloaded assembly
- Completed reload, in  0.707 seconds
Platform modules already initialized, skipping
Refreshing native plugins compatible for Editor in 0.19 ms, found 0 plugins.
Preloading 0 native plugins for Editor in 0.00 ms.
Unloading 1124 Unused Serialized files (Serialized files now loaded: 0)
System memory in use before: 60.8 MB.
System memory in use after: 60.9 MB.

Unloading 4 unused Assets to reduce memory usage. Loaded Objects now: 1621.
Total: 1.413400 ms (FindLiveObjects: 0.141800 ms CreateObjectMapping: 0.033900 ms MarkObjects: 1.223800 ms  DeleteObjects: 0.012400 ms)

